{"C:\\Users\\alexb\\Documents\\vscode\\perso\\extends-persist-pinia-store\\persist-pinia-state\\src\\core\\StorePersister.ts": {"path":"C:\\Users\\alexb\\Documents\\vscode\\perso\\extends-persist-pinia-store\\persist-pinia-state\\src\\core\\StorePersister.ts","statementMap":{"0":{"start":{"line":9,"column":41},"end":{"line":20,"column":null}},"1":{"start":{"line":24,"column":35},"end":{"line":24,"column":null}},"2":{"start":{"line":40,"column":8},"end":{"line":40,"column":null}},"3":{"start":{"line":50,"column":8},"end":{"line":50,"column":null}},"4":{"start":{"line":51,"column":51},"end":{"line":51,"column":null}},"5":{"start":{"line":54,"column":8},"end":{"line":63,"column":null}},"6":{"start":{"line":56,"column":12},"end":{"line":62,"column":null}},"7":{"start":{"line":65,"column":8},"end":{"line":65,"column":null}},"8":{"start":{"line":66,"column":8},"end":{"line":66,"column":null}},"9":{"start":{"line":67,"column":8},"end":{"line":67,"column":null}},"10":{"start":{"line":68,"column":8},"end":{"line":68,"column":null}},"11":{"start":{"line":70,"column":8},"end":{"line":73,"column":null}},"12":{"start":{"line":71,"column":12},"end":{"line":71,"column":null}},"13":{"start":{"line":72,"column":12},"end":{"line":72,"column":null}},"14":{"start":{"line":72,"column":32},"end":{"line":72,"column":65}},"15":{"start":{"line":75,"column":8},"end":{"line":75,"column":null}},"16":{"start":{"line":76,"column":8},"end":{"line":76,"column":null}},"17":{"start":{"line":78,"column":8},"end":{"line":80,"column":null}},"18":{"start":{"line":82,"column":8},"end":{"line":85,"column":null}},"19":{"start":{"line":83,"column":12},"end":{"line":83,"column":null}},"20":{"start":{"line":84,"column":12},"end":{"line":84,"column":null}},"21":{"start":{"line":91,"column":21},"end":{"line":91,"column":null}},"22":{"start":{"line":92,"column":78},"end":{"line":92,"column":null}},"23":{"start":{"line":93,"column":8},"end":{"line":93,"column":null}},"24":{"start":{"line":93,"column":41},"end":{"line":93,"column":66}},"25":{"start":{"line":94,"column":8},"end":{"line":94,"column":null}},"26":{"start":{"line":94,"column":58},"end":{"line":94,"column":97}},"27":{"start":{"line":95,"column":8},"end":{"line":95,"column":null}},"28":{"start":{"line":95,"column":43},"end":{"line":95,"column":70}},"29":{"start":{"line":97,"column":8},"end":{"line":97,"column":null}},"30":{"start":{"line":97,"column":43},"end":{"line":97,"column":79}},"31":{"start":{"line":100,"column":8},"end":{"line":100,"column":null}},"32":{"start":{"line":100,"column":46},"end":{"line":100,"column":null}},"33":{"start":{"line":101,"column":8},"end":{"line":101,"column":null}},"34":{"start":{"line":101,"column":42},"end":{"line":101,"column":null}},"35":{"start":{"line":102,"column":8},"end":{"line":102,"column":null}},"36":{"start":{"line":102,"column":49},"end":{"line":102,"column":null}},"37":{"start":{"line":103,"column":8},"end":{"line":103,"column":null}},"38":{"start":{"line":104,"column":8},"end":{"line":104,"column":null}},"39":{"start":{"line":108,"column":8},"end":{"line":112,"column":null}},"40":{"start":{"line":109,"column":12},"end":{"line":109,"column":null}},"41":{"start":{"line":111,"column":12},"end":{"line":111,"column":null}},"42":{"start":{"line":116,"column":8},"end":{"line":155,"column":null}},"43":{"start":{"line":117,"column":26},"end":{"line":117,"column":null}},"44":{"start":{"line":118,"column":49},"end":{"line":118,"column":null}},"45":{"start":{"line":119,"column":32},"end":{"line":119,"column":null}},"46":{"start":{"line":121,"column":12},"end":{"line":127,"column":null}},"47":{"start":{"line":129,"column":12},"end":{"line":152,"column":null}},"48":{"start":{"line":130,"column":39},"end":{"line":130,"column":null}},"49":{"start":{"line":132,"column":16},"end":{"line":138,"column":null}},"50":{"start":{"line":133,"column":34},"end":{"line":133,"column":null}},"51":{"start":{"line":135,"column":20},"end":{"line":137,"column":null}},"52":{"start":{"line":136,"column":24},"end":{"line":136,"column":null}},"53":{"start":{"line":140,"column":16},"end":{"line":143,"column":null}},"54":{"start":{"line":145,"column":16},"end":{"line":151,"column":null}},"55":{"start":{"line":146,"column":20},"end":{"line":146,"column":null}},"56":{"start":{"line":148,"column":20},"end":{"line":150,"column":null}},"57":{"start":{"line":149,"column":24},"end":{"line":149,"column":null}},"58":{"start":{"line":154,"column":12},"end":{"line":154,"column":null}},"59":{"start":{"line":159,"column":8},"end":{"line":159,"column":null}},"60":{"start":{"line":163,"column":8},"end":{"line":163,"column":null}},"61":{"start":{"line":167,"column":26},"end":{"line":167,"column":null}},"62":{"start":{"line":169,"column":8},"end":{"line":182,"column":null}},"63":{"start":{"line":170,"column":33},"end":{"line":170,"column":null}},"64":{"start":{"line":172,"column":12},"end":{"line":175,"column":null}},"65":{"start":{"line":173,"column":16},"end":{"line":173,"column":null}},"66":{"start":{"line":174,"column":16},"end":{"line":174,"column":null}},"67":{"start":{"line":177,"column":12},"end":{"line":177,"column":null}},"68":{"start":{"line":179,"column":12},"end":{"line":179,"column":null}},"69":{"start":{"line":181,"column":12},"end":{"line":181,"column":null}},"70":{"start":{"line":186,"column":29},"end":{"line":186,"column":null}},"71":{"start":{"line":187,"column":22},"end":{"line":187,"column":null}},"72":{"start":{"line":188,"column":39},"end":{"line":188,"column":null}},"73":{"start":{"line":189,"column":22},"end":{"line":189,"column":null}},"74":{"start":{"line":191,"column":8},"end":{"line":193,"column":null}},"75":{"start":{"line":192,"column":12},"end":{"line":192,"column":null}},"76":{"start":{"line":195,"column":25},"end":{"line":195,"column":null}},"77":{"start":{"line":197,"column":8},"end":{"line":211,"column":null}},"78":{"start":{"line":198,"column":12},"end":{"line":209,"column":null}},"79":{"start":{"line":200,"column":35},"end":{"line":200,"column":null}},"80":{"start":{"line":202,"column":16},"end":{"line":208,"column":null}},"81":{"start":{"line":203,"column":20},"end":{"line":207,"column":null}},"82":{"start":{"line":204,"column":24},"end":{"line":204,"column":null}},"83":{"start":{"line":206,"column":24},"end":{"line":206,"column":null}},"84":{"start":{"line":213,"column":8},"end":{"line":213,"column":null}},"85":{"start":{"line":217,"column":8},"end":{"line":217,"column":null}},"86":{"start":{"line":221,"column":8},"end":{"line":224,"column":null}},"87":{"start":{"line":228,"column":22},"end":{"line":228,"column":null}},"88":{"start":{"line":230,"column":8},"end":{"line":230,"column":null}},"89":{"start":{"line":232,"column":8},"end":{"line":234,"column":null}},"90":{"start":{"line":233,"column":13},"end":{"line":233,"column":null}},"91":{"start":{"line":238,"column":8},"end":{"line":238,"column":null}},"92":{"start":{"line":242,"column":8},"end":{"line":242,"column":null}},"93":{"start":{"line":243,"column":8},"end":{"line":253,"column":null}},"94":{"start":{"line":244,"column":33},"end":{"line":244,"column":null}},"95":{"start":{"line":246,"column":12},"end":{"line":248,"column":null}},"96":{"start":{"line":247,"column":16},"end":{"line":247,"column":null}},"97":{"start":{"line":250,"column":12},"end":{"line":250,"column":null}},"98":{"start":{"line":252,"column":12},"end":{"line":252,"column":null}},"99":{"start":{"line":257,"column":8},"end":{"line":265,"column":null}},"100":{"start":{"line":259,"column":12},"end":{"line":263,"column":null}},"101":{"start":{"line":260,"column":17},"end":{"line":260,"column":null}},"102":{"start":{"line":262,"column":16},"end":{"line":262,"column":null}},"103":{"start":{"line":264,"column":12},"end":{"line":264,"column":null}},"104":{"start":{"line":269,"column":8},"end":{"line":272,"column":null}},"105":{"start":{"line":274,"column":8},"end":{"line":280,"column":null}},"106":{"start":{"line":275,"column":12},"end":{"line":279,"column":null}},"107":{"start":{"line":276,"column":16},"end":{"line":278,"column":null}},"108":{"start":{"line":277,"column":20},"end":{"line":277,"column":null}},"109":{"start":{"line":284,"column":8},"end":{"line":284,"column":null}},"110":{"start":{"line":288,"column":8},"end":{"line":288,"column":null}},"111":{"start":{"line":292,"column":8},"end":{"line":299,"column":null}},"112":{"start":{"line":293,"column":12},"end":{"line":297,"column":null}},"113":{"start":{"line":294,"column":17},"end":{"line":294,"column":null}},"114":{"start":{"line":296,"column":16},"end":{"line":296,"column":null}},"115":{"start":{"line":298,"column":12},"end":{"line":298,"column":null}}},"fnMap":{"0":{"name":"(anonymous_0)","decl":{"start":{"line":39,"column":16},"end":{"line":39,"column":40}},"loc":{"start":{"line":39,"column":40},"end":{"line":41,"column":null}},"line":39},"1":{"name":"(anonymous_1)","decl":{"start":{"line":44,"column":4},"end":{"line":44,"column":null}},"loc":{"start":{"line":49,"column":6},"end":{"line":86,"column":null}},"line":49},"2":{"name":"(anonymous_2)","decl":{"start":{"line":89,"column":4},"end":{"line":89,"column":19}},"loc":{"start":{"line":89,"column":19},"end":{"line":105,"column":null}},"line":89},"3":{"name":"(anonymous_3)","decl":{"start":{"line":100,"column":34},"end":{"line":100,"column":46}},"loc":{"start":{"line":100,"column":46},"end":{"line":100,"column":null}},"line":100},"4":{"name":"(anonymous_4)","decl":{"start":{"line":101,"column":30},"end":{"line":101,"column":42}},"loc":{"start":{"line":101,"column":42},"end":{"line":101,"column":null}},"line":101},"5":{"name":"(anonymous_5)","decl":{"start":{"line":102,"column":42},"end":{"line":102,"column":49}},"loc":{"start":{"line":102,"column":49},"end":{"line":102,"column":null}},"line":102},"6":{"name":"(anonymous_6)","decl":{"start":{"line":107,"column":18},"end":{"line":107,"column":32}},"loc":{"start":{"line":107,"column":104},"end":{"line":113,"column":null}},"line":107},"7":{"name":"(anonymous_7)","decl":{"start":{"line":115,"column":10},"end":{"line":115,"column":21}},"loc":{"start":{"line":115,"column":85},"end":{"line":156,"column":null}},"line":115},"8":{"name":"(anonymous_8)","decl":{"start":{"line":116,"column":33},"end":{"line":116,"column":40}},"loc":{"start":{"line":116,"column":52},"end":{"line":155,"column":9}},"line":116},"9":{"name":"(anonymous_9)","decl":{"start":{"line":158,"column":12},"end":{"line":158,"column":26}},"loc":{"start":{"line":158,"column":26},"end":{"line":160,"column":null}},"line":158},"10":{"name":"(anonymous_10)","decl":{"start":{"line":162,"column":12},"end":{"line":162,"column":47}},"loc":{"start":{"line":162,"column":47},"end":{"line":164,"column":null}},"line":162},"11":{"name":"(anonymous_11)","decl":{"start":{"line":166,"column":10},"end":{"line":166,"column":28}},"loc":{"start":{"line":166,"column":85},"end":{"line":183,"column":null}},"line":166},"12":{"name":"(anonymous_12)","decl":{"start":{"line":185,"column":18},"end":{"line":185,"column":38}},"loc":{"start":{"line":185,"column":38},"end":{"line":214,"column":null}},"line":185},"13":{"name":"(anonymous_13)","decl":{"start":{"line":216,"column":12},"end":{"line":216,"column":31}},"loc":{"start":{"line":216,"column":31},"end":{"line":218,"column":null}},"line":216},"14":{"name":"(anonymous_14)","decl":{"start":{"line":220,"column":12},"end":{"line":220,"column":44}},"loc":{"start":{"line":220,"column":44},"end":{"line":225,"column":null}},"line":220},"15":{"name":"(anonymous_15)","decl":{"start":{"line":227,"column":10},"end":{"line":227,"column":20}},"loc":{"start":{"line":227,"column":20},"end":{"line":235,"column":null}},"line":227},"16":{"name":"(anonymous_16)","decl":{"start":{"line":237,"column":4},"end":{"line":237,"column":30}},"loc":{"start":{"line":237,"column":57},"end":{"line":239,"column":null}},"line":237},"17":{"name":"(anonymous_17)","decl":{"start":{"line":241,"column":18},"end":{"line":241,"column":29}},"loc":{"start":{"line":241,"column":29},"end":{"line":254,"column":null}},"line":241},"18":{"name":"(anonymous_18)","decl":{"start":{"line":243,"column":27},"end":{"line":243,"column":34}},"loc":{"start":{"line":243,"column":46},"end":{"line":253,"column":9}},"line":243},"19":{"name":"(anonymous_19)","decl":{"start":{"line":256,"column":12},"end":{"line":256,"column":24}},"loc":{"start":{"line":256,"column":24},"end":{"line":266,"column":null}},"line":256},"20":{"name":"(anonymous_20)","decl":{"start":{"line":268,"column":12},"end":{"line":268,"column":30}},"loc":{"start":{"line":268,"column":87},"end":{"line":281,"column":null}},"line":268},"21":{"name":"(anonymous_21)","decl":{"start":{"line":275,"column":32},"end":{"line":275,"column":38}},"loc":{"start":{"line":275,"column":38},"end":{"line":279,"column":13}},"line":275},"22":{"name":"(anonymous_22)","decl":{"start":{"line":283,"column":4},"end":{"line":283,"column":27}},"loc":{"start":{"line":283,"column":27},"end":{"line":285,"column":null}},"line":283},"23":{"name":"(anonymous_23)","decl":{"start":{"line":287,"column":4},"end":{"line":287,"column":27}},"loc":{"start":{"line":287,"column":27},"end":{"line":289,"column":null}},"line":287},"24":{"name":"(anonymous_24)","decl":{"start":{"line":291,"column":12},"end":{"line":291,"column":26}},"loc":{"start":{"line":291,"column":26},"end":{"line":300,"column":null}},"line":291}},"branchMap":{"0":{"loc":{"start":{"line":40,"column":16},"end":{"line":40,"column":null}},"type":"binary-expr","locations":[{"start":{"line":40,"column":16},"end":{"line":40,"column":40}},{"start":{"line":40,"column":40},"end":{"line":40,"column":62}},{"start":{"line":40,"column":62},"end":{"line":40,"column":null}}],"line":40},"1":{"loc":{"start":{"line":54,"column":8},"end":{"line":63,"column":null}},"type":"if","locations":[{"start":{"line":54,"column":8},"end":{"line":63,"column":null}},{"start":{},"end":{}}],"line":54},"2":{"loc":{"start":{"line":70,"column":8},"end":{"line":73,"column":null}},"type":"if","locations":[{"start":{"line":70,"column":8},"end":{"line":73,"column":null}},{"start":{},"end":{}}],"line":70},"3":{"loc":{"start":{"line":72,"column":12},"end":{"line":72,"column":null}},"type":"if","locations":[{"start":{"line":72,"column":12},"end":{"line":72,"column":null}},{"start":{},"end":{}}],"line":72},"4":{"loc":{"start":{"line":82,"column":8},"end":{"line":85,"column":null}},"type":"if","locations":[{"start":{"line":82,"column":8},"end":{"line":85,"column":null}},{"start":{},"end":{}}],"line":82},"5":{"loc":{"start":{"line":92,"column":78},"end":{"line":92,"column":null}},"type":"cond-expr","locations":[{"start":{"line":92,"column":105},"end":{"line":92,"column":112}},{"start":{"line":92,"column":112},"end":{"line":92,"column":null}}],"line":92},"6":{"loc":{"start":{"line":93,"column":8},"end":{"line":93,"column":null}},"type":"if","locations":[{"start":{"line":93,"column":8},"end":{"line":93,"column":null}},{"start":{},"end":{}}],"line":93},"7":{"loc":{"start":{"line":94,"column":8},"end":{"line":94,"column":null}},"type":"if","locations":[{"start":{"line":94,"column":8},"end":{"line":94,"column":null}},{"start":{},"end":{}}],"line":94},"8":{"loc":{"start":{"line":95,"column":8},"end":{"line":95,"column":null}},"type":"if","locations":[{"start":{"line":95,"column":8},"end":{"line":95,"column":null}},{"start":{},"end":{}}],"line":95},"9":{"loc":{"start":{"line":97,"column":8},"end":{"line":97,"column":null}},"type":"if","locations":[{"start":{"line":97,"column":8},"end":{"line":97,"column":null}},{"start":{},"end":{}}],"line":97},"10":{"loc":{"start":{"line":107,"column":61},"end":{"line":107,"column":104}},"type":"default-arg","locations":[{"start":{"line":107,"column":80},"end":{"line":107,"column":104}}],"line":107},"11":{"loc":{"start":{"line":108,"column":8},"end":{"line":112,"column":null}},"type":"if","locations":[{"start":{"line":108,"column":8},"end":{"line":112,"column":null}},{"start":{"line":110,"column":15},"end":{"line":112,"column":null}}],"line":108},"12":{"loc":{"start":{"line":115,"column":39},"end":{"line":115,"column":85}},"type":"default-arg","locations":[{"start":{"line":115,"column":58},"end":{"line":115,"column":85}}],"line":115},"13":{"loc":{"start":{"line":121,"column":60},"end":{"line":121,"column":89}},"type":"cond-expr","locations":[{"start":{"line":121,"column":70},"end":{"line":121,"column":82}},{"start":{"line":121,"column":82},"end":{"line":121,"column":89}}],"line":121},"14":{"loc":{"start":{"line":123,"column":16},"end":{"line":124,"column":null}},"type":"binary-expr","locations":[{"start":{"line":123,"column":16},"end":{"line":123,"column":null}},{"start":{"line":124,"column":19},"end":{"line":124,"column":46}},{"start":{"line":124,"column":46},"end":{"line":124,"column":null}}],"line":123},"15":{"loc":{"start":{"line":129,"column":12},"end":{"line":152,"column":null}},"type":"if","locations":[{"start":{"line":129,"column":12},"end":{"line":152,"column":null}},{"start":{},"end":{}}],"line":129},"16":{"loc":{"start":{"line":129,"column":16},"end":{"line":129,"column":61}},"type":"binary-expr","locations":[{"start":{"line":129,"column":16},"end":{"line":129,"column":54}},{"start":{"line":129,"column":54},"end":{"line":129,"column":61}}],"line":129},"17":{"loc":{"start":{"line":135,"column":20},"end":{"line":137,"column":null}},"type":"if","locations":[{"start":{"line":135,"column":20},"end":{"line":137,"column":null}},{"start":{},"end":{}}],"line":135},"18":{"loc":{"start":{"line":145,"column":16},"end":{"line":151,"column":null}},"type":"if","locations":[{"start":{"line":145,"column":16},"end":{"line":151,"column":null}},{"start":{},"end":{}}],"line":145},"19":{"loc":{"start":{"line":148,"column":20},"end":{"line":150,"column":null}},"type":"if","locations":[{"start":{"line":148,"column":20},"end":{"line":150,"column":null}},{"start":{},"end":{}}],"line":148},"20":{"loc":{"start":{"line":163,"column":16},"end":{"line":163,"column":null}},"type":"binary-expr","locations":[{"start":{"line":163,"column":16},"end":{"line":163,"column":71}},{"start":{"line":163,"column":71},"end":{"line":163,"column":null}}],"line":163},"21":{"loc":{"start":{"line":166,"column":28},"end":{"line":166,"column":85}},"type":"default-arg","locations":[{"start":{"line":166,"column":47},"end":{"line":166,"column":85}}],"line":166},"22":{"loc":{"start":{"line":172,"column":12},"end":{"line":175,"column":null}},"type":"if","locations":[{"start":{"line":172,"column":12},"end":{"line":175,"column":null}},{"start":{},"end":{}}],"line":172},"23":{"loc":{"start":{"line":172,"column":16},"end":{"line":172,"column":65}},"type":"binary-expr","locations":[{"start":{"line":172,"column":16},"end":{"line":172,"column":27}},{"start":{"line":172,"column":27},"end":{"line":172,"column":49}},{"start":{"line":172,"column":49},"end":{"line":172,"column":65}}],"line":172},"24":{"loc":{"start":{"line":191,"column":8},"end":{"line":193,"column":null}},"type":"if","locations":[{"start":{"line":191,"column":8},"end":{"line":193,"column":null}},{"start":{},"end":{}}],"line":191},"25":{"loc":{"start":{"line":198,"column":12},"end":{"line":209,"column":null}},"type":"if","locations":[{"start":{"line":198,"column":12},"end":{"line":209,"column":null}},{"start":{},"end":{}}],"line":198},"26":{"loc":{"start":{"line":198,"column":16},"end":{"line":198,"column":76}},"type":"binary-expr","locations":[{"start":{"line":198,"column":16},"end":{"line":198,"column":52}},{"start":{"line":198,"column":52},"end":{"line":198,"column":76}}],"line":198},"27":{"loc":{"start":{"line":202,"column":16},"end":{"line":208,"column":null}},"type":"if","locations":[{"start":{"line":202,"column":16},"end":{"line":208,"column":null}},{"start":{},"end":{}}],"line":202},"28":{"loc":{"start":{"line":203,"column":20},"end":{"line":207,"column":null}},"type":"if","locations":[{"start":{"line":203,"column":20},"end":{"line":207,"column":null}},{"start":{"line":205,"column":27},"end":{"line":207,"column":null}}],"line":203},"29":{"loc":{"start":{"line":203,"column":24},"end":{"line":203,"column":86}},"type":"binary-expr","locations":[{"start":{"line":203,"column":24},"end":{"line":203,"column":50}},{"start":{"line":203,"column":50},"end":{"line":203,"column":86}}],"line":203},"30":{"loc":{"start":{"line":223,"column":16},"end":{"line":223,"column":null}},"type":"binary-expr","locations":[{"start":{"line":223,"column":16},"end":{"line":223,"column":66}},{"start":{"line":223,"column":66},"end":{"line":223,"column":null}}],"line":223},"31":{"loc":{"start":{"line":232,"column":8},"end":{"line":234,"column":null}},"type":"if","locations":[{"start":{"line":232,"column":8},"end":{"line":234,"column":null}},{"start":{},"end":{}}],"line":232},"32":{"loc":{"start":{"line":246,"column":12},"end":{"line":248,"column":null}},"type":"if","locations":[{"start":{"line":246,"column":12},"end":{"line":248,"column":null}},{"start":{},"end":{}}],"line":246},"33":{"loc":{"start":{"line":246,"column":16},"end":{"line":246,"column":60}},"type":"binary-expr","locations":[{"start":{"line":246,"column":16},"end":{"line":246,"column":34}},{"start":{"line":246,"column":34},"end":{"line":246,"column":60}}],"line":246},"34":{"loc":{"start":{"line":257,"column":8},"end":{"line":265,"column":null}},"type":"if","locations":[{"start":{"line":257,"column":8},"end":{"line":265,"column":null}},{"start":{},"end":{}}],"line":257},"35":{"loc":{"start":{"line":259,"column":12},"end":{"line":263,"column":null}},"type":"if","locations":[{"start":{"line":259,"column":12},"end":{"line":263,"column":null}},{"start":{"line":261,"column":19},"end":{"line":263,"column":null}}],"line":259},"36":{"loc":{"start":{"line":274,"column":8},"end":{"line":280,"column":null}},"type":"if","locations":[{"start":{"line":274,"column":8},"end":{"line":280,"column":null}},{"start":{},"end":{}}],"line":274},"37":{"loc":{"start":{"line":274,"column":12},"end":{"line":274,"column":73}},"type":"binary-expr","locations":[{"start":{"line":274,"column":12},"end":{"line":274,"column":48}},{"start":{"line":274,"column":48},"end":{"line":274,"column":73}}],"line":274},"38":{"loc":{"start":{"line":276,"column":16},"end":{"line":278,"column":null}},"type":"if","locations":[{"start":{"line":276,"column":16},"end":{"line":278,"column":null}},{"start":{},"end":{}}],"line":276},"39":{"loc":{"start":{"line":284,"column":18},"end":{"line":284,"column":null}},"type":"binary-expr","locations":[{"start":{"line":284,"column":18},"end":{"line":284,"column":33}},{"start":{"line":284,"column":33},"end":{"line":284,"column":null}}],"line":284},"40":{"loc":{"start":{"line":292,"column":8},"end":{"line":299,"column":null}},"type":"if","locations":[{"start":{"line":292,"column":8},"end":{"line":299,"column":null}},{"start":{},"end":{}}],"line":292},"41":{"loc":{"start":{"line":293,"column":12},"end":{"line":297,"column":null}},"type":"if","locations":[{"start":{"line":293,"column":12},"end":{"line":297,"column":null}},{"start":{"line":295,"column":19},"end":{"line":297,"column":null}}],"line":293}},"s":{"0":1,"1":4,"2":24,"3":4,"4":4,"5":4,"6":4,"7":4,"8":4,"9":4,"10":4,"11":4,"12":4,"13":4,"14":0,"15":4,"16":4,"17":4,"18":4,"19":4,"20":4,"21":4,"22":4,"23":4,"24":0,"25":4,"26":0,"27":4,"28":0,"29":4,"30":4,"31":4,"32":2,"33":4,"34":2,"35":4,"36":1,"37":4,"38":4,"39":5,"40":3,"41":2,"42":3,"43":3,"44":3,"45":3,"46":3,"47":3,"48":3,"49":3,"50":3,"51":3,"52":3,"53":3,"54":3,"55":3,"56":3,"57":0,"58":3,"59":3,"60":13,"61":6,"62":6,"63":6,"64":6,"65":3,"66":3,"67":6,"68":6,"69":0,"70":2,"71":2,"72":2,"73":2,"74":2,"75":2,"76":2,"77":2,"78":6,"79":4,"80":4,"81":4,"82":2,"83":2,"84":2,"85":0,"86":4,"87":2,"88":2,"89":2,"90":2,"91":0,"92":6,"93":6,"94":6,"95":6,"96":3,"97":6,"98":6,"99":1,"100":0,"101":0,"102":0,"103":0,"104":0,"105":0,"106":0,"107":0,"108":0,"109":6,"110":8,"111":0,"112":0,"113":0,"114":0,"115":0},"f":{"0":24,"1":4,"2":4,"3":2,"4":2,"5":1,"6":5,"7":3,"8":3,"9":3,"10":13,"11":6,"12":2,"13":0,"14":4,"15":2,"16":0,"17":6,"18":6,"19":1,"20":0,"21":0,"22":6,"23":8,"24":0},"b":{"0":[24,24,0],"1":[4,0],"2":[4,0],"3":[0,4],"4":[4,0],"5":[4,0],"6":[0,4],"7":[0,4],"8":[0,4],"9":[4,0],"10":[5],"11":[3,2],"12":[3],"13":[3,0],"14":[3,3,0],"15":[3,0],"16":[3,3],"17":[3,0],"18":[3,0],"19":[0,3],"20":[13,0],"21":[6],"22":[3,3],"23":[6,6,6],"24":[2,0],"25":[4,2],"26":[6,6],"27":[4,0],"28":[2,2],"29":[4,4],"30":[4,0],"31":[2,0],"32":[3,3],"33":[6,3],"34":[0,1],"35":[0,0],"36":[0,0],"37":[0,0],"38":[0,0],"39":[6,6],"40":[0,0],"41":[0,0]},"meta":{"lastBranch":42,"lastFunction":25,"lastStatement":116,"seen":{"s:9:41:20:Infinity":0,"s:24:35:24:Infinity":1,"f:39:16:39:40":0,"s:40:8:40:Infinity":2,"b:40:16:40:40:40:40:40:62:40:62:40:Infinity":0,"f:44:4:44:Infinity":1,"s:50:8:50:Infinity":3,"s:51:51:51:Infinity":4,"b:54:8:63:Infinity:undefined:undefined:undefined:undefined":1,"s:54:8:63:Infinity":5,"s:56:12:62:Infinity":6,"s:65:8:65:Infinity":7,"s:66:8:66:Infinity":8,"s:67:8:67:Infinity":9,"s:68:8:68:Infinity":10,"b:70:8:73:Infinity:undefined:undefined:undefined:undefined":2,"s:70:8:73:Infinity":11,"s:71:12:71:Infinity":12,"b:72:12:72:Infinity:undefined:undefined:undefined:undefined":3,"s:72:12:72:Infinity":13,"s:72:32:72:65":14,"s:75:8:75:Infinity":15,"s:76:8:76:Infinity":16,"s:78:8:80:Infinity":17,"b:82:8:85:Infinity:undefined:undefined:undefined:undefined":4,"s:82:8:85:Infinity":18,"s:83:12:83:Infinity":19,"s:84:12:84:Infinity":20,"f:89:4:89:19":2,"s:91:21:91:Infinity":21,"s:92:78:92:Infinity":22,"b:92:105:92:112:92:112:92:Infinity":5,"b:93:8:93:Infinity:undefined:undefined:undefined:undefined":6,"s:93:8:93:Infinity":23,"s:93:41:93:66":24,"b:94:8:94:Infinity:undefined:undefined:undefined:undefined":7,"s:94:8:94:Infinity":25,"s:94:58:94:97":26,"b:95:8:95:Infinity:undefined:undefined:undefined:undefined":8,"s:95:8:95:Infinity":27,"s:95:43:95:70":28,"b:97:8:97:Infinity:undefined:undefined:undefined:undefined":9,"s:97:8:97:Infinity":29,"s:97:43:97:79":30,"s:100:8:100:Infinity":31,"f:100:34:100:46":3,"s:100:46:100:Infinity":32,"s:101:8:101:Infinity":33,"f:101:30:101:42":4,"s:101:42:101:Infinity":34,"s:102:8:102:Infinity":35,"f:102:42:102:49":5,"s:102:49:102:Infinity":36,"s:103:8:103:Infinity":37,"s:104:8:104:Infinity":38,"f:107:18:107:32":6,"b:107:80:107:104":10,"b:108:8:112:Infinity:110:15:112:Infinity":11,"s:108:8:112:Infinity":39,"s:109:12:109:Infinity":40,"s:111:12:111:Infinity":41,"f:115:10:115:21":7,"b:115:58:115:85":12,"s:116:8:155:Infinity":42,"f:116:33:116:40":8,"s:117:26:117:Infinity":43,"s:118:49:118:Infinity":44,"s:119:32:119:Infinity":45,"s:121:12:127:Infinity":46,"b:121:70:121:82:121:82:121:89":13,"b:123:16:123:Infinity:124:19:124:46:124:46:124:Infinity":14,"b:129:12:152:Infinity:undefined:undefined:undefined:undefined":15,"s:129:12:152:Infinity":47,"b:129:16:129:54:129:54:129:61":16,"s:130:39:130:Infinity":48,"s:132:16:138:Infinity":49,"s:133:34:133:Infinity":50,"b:135:20:137:Infinity:undefined:undefined:undefined:undefined":17,"s:135:20:137:Infinity":51,"s:136:24:136:Infinity":52,"s:140:16:143:Infinity":53,"b:145:16:151:Infinity:undefined:undefined:undefined:undefined":18,"s:145:16:151:Infinity":54,"s:146:20:146:Infinity":55,"b:148:20:150:Infinity:undefined:undefined:undefined:undefined":19,"s:148:20:150:Infinity":56,"s:149:24:149:Infinity":57,"s:154:12:154:Infinity":58,"f:158:12:158:26":9,"s:159:8:159:Infinity":59,"f:162:12:162:47":10,"s:163:8:163:Infinity":60,"b:163:16:163:71:163:71:163:Infinity":20,"f:166:10:166:28":11,"b:166:47:166:85":21,"s:167:26:167:Infinity":61,"s:169:8:182:Infinity":62,"s:170:33:170:Infinity":63,"b:172:12:175:Infinity:undefined:undefined:undefined:undefined":22,"s:172:12:175:Infinity":64,"b:172:16:172:27:172:27:172:49:172:49:172:65":23,"s:173:16:173:Infinity":65,"s:174:16:174:Infinity":66,"s:177:12:177:Infinity":67,"s:179:12:179:Infinity":68,"s:181:12:181:Infinity":69,"f:185:18:185:38":12,"s:186:29:186:Infinity":70,"s:187:22:187:Infinity":71,"s:188:39:188:Infinity":72,"s:189:22:189:Infinity":73,"b:191:8:193:Infinity:undefined:undefined:undefined:undefined":24,"s:191:8:193:Infinity":74,"s:192:12:192:Infinity":75,"s:195:25:195:Infinity":76,"s:197:8:211:Infinity":77,"b:198:12:209:Infinity:undefined:undefined:undefined:undefined":25,"s:198:12:209:Infinity":78,"b:198:16:198:52:198:52:198:76":26,"s:200:35:200:Infinity":79,"b:202:16:208:Infinity:undefined:undefined:undefined:undefined":27,"s:202:16:208:Infinity":80,"b:203:20:207:Infinity:205:27:207:Infinity":28,"s:203:20:207:Infinity":81,"b:203:24:203:50:203:50:203:86":29,"s:204:24:204:Infinity":82,"s:206:24:206:Infinity":83,"s:213:8:213:Infinity":84,"f:216:12:216:31":13,"s:217:8:217:Infinity":85,"f:220:12:220:44":14,"s:221:8:224:Infinity":86,"b:223:16:223:66:223:66:223:Infinity":30,"f:227:10:227:20":15,"s:228:22:228:Infinity":87,"s:230:8:230:Infinity":88,"b:232:8:234:Infinity:undefined:undefined:undefined:undefined":31,"s:232:8:234:Infinity":89,"s:233:13:233:Infinity":90,"f:237:4:237:30":16,"s:238:8:238:Infinity":91,"f:241:18:241:29":17,"s:242:8:242:Infinity":92,"s:243:8:253:Infinity":93,"f:243:27:243:34":18,"s:244:33:244:Infinity":94,"b:246:12:248:Infinity:undefined:undefined:undefined:undefined":32,"s:246:12:248:Infinity":95,"b:246:16:246:34:246:34:246:60":33,"s:247:16:247:Infinity":96,"s:250:12:250:Infinity":97,"s:252:12:252:Infinity":98,"f:256:12:256:24":19,"b:257:8:265:Infinity:undefined:undefined:undefined:undefined":34,"s:257:8:265:Infinity":99,"b:259:12:263:Infinity:261:19:263:Infinity":35,"s:259:12:263:Infinity":100,"s:260:17:260:Infinity":101,"s:262:16:262:Infinity":102,"s:264:12:264:Infinity":103,"f:268:12:268:30":20,"s:269:8:272:Infinity":104,"b:274:8:280:Infinity:undefined:undefined:undefined:undefined":36,"s:274:8:280:Infinity":105,"b:274:12:274:48:274:48:274:73":37,"s:275:12:279:Infinity":106,"f:275:32:275:38":21,"b:276:16:278:Infinity:undefined:undefined:undefined:undefined":38,"s:276:16:278:Infinity":107,"s:277:20:277:Infinity":108,"f:283:4:283:27":22,"s:284:8:284:Infinity":109,"b:284:18:284:33:284:33:284:Infinity":39,"f:287:4:287:27":23,"s:288:8:288:Infinity":110,"f:291:12:291:26":24,"b:292:8:299:Infinity:undefined:undefined:undefined:undefined":40,"s:292:8:299:Infinity":111,"b:293:12:297:Infinity:295:19:297:Infinity":41,"s:293:12:297:Infinity":112,"s:294:17:294:Infinity":113,"s:296:16:296:Infinity":114,"s:298:12:298:Infinity":115}}}
,"C:\\Users\\alexb\\Documents\\vscode\\perso\\extends-persist-pinia-store\\persist-pinia-state\\src\\plugins\\PersistPiniaState.ts": {"path":"C:\\Users\\alexb\\Documents\\vscode\\perso\\extends-persist-pinia-store\\persist-pinia-state\\src\\plugins\\PersistPiniaState.ts","statementMap":{"0":{"start":{"line":9,"column":8},"end":{"line":13,"column":null}}},"fnMap":{"0":{"name":"(anonymous_0)","decl":{"start":{"line":8,"column":4},"end":{"line":8,"column":18}},"loc":{"start":{"line":8,"column":18},"end":{"line":14,"column":null}},"line":8}},"branchMap":{},"s":{"0":1},"f":{"0":1},"b":{},"meta":{"lastBranch":0,"lastFunction":1,"lastStatement":1,"seen":{"f:8:4:8:18":0,"s:9:8:13:Infinity":0}}}
,"C:\\Users\\alexb\\Documents\\vscode\\perso\\extends-persist-pinia-store\\persist-pinia-state\\src\\services\\Crypt.ts": {"path":"C:\\Users\\alexb\\Documents\\vscode\\perso\\extends-persist-pinia-store\\persist-pinia-state\\src\\services\\Crypt.ts","statementMap":{"0":{"start":{"line":2,"column":36},"end":{"line":2,"column":null}},"1":{"start":{"line":6,"column":40},"end":{"line":6,"column":null}},"2":{"start":{"line":7,"column":40},"end":{"line":7,"column":null}},"3":{"start":{"line":10,"column":8},"end":{"line":10,"column":null}},"4":{"start":{"line":14,"column":8},"end":{"line":25,"column":null}},"5":{"start":{"line":29,"column":8},"end":{"line":35,"column":null}},"6":{"start":{"line":44,"column":44},"end":{"line":44,"column":null}},"7":{"start":{"line":45,"column":26},"end":{"line":52,"column":null}},"8":{"start":{"line":48,"column":57},"end":{"line":48,"column":72}},"9":{"start":{"line":51,"column":56},"end":{"line":51,"column":71}},"10":{"start":{"line":53,"column":8},"end":{"line":53,"column":null}},"11":{"start":{"line":62,"column":19},"end":{"line":62,"column":null}},"12":{"start":{"line":63,"column":26},"end":{"line":70,"column":null}},"13":{"start":{"line":72,"column":8},"end":{"line":74,"column":null}},"14":{"start":{"line":78,"column":8},"end":{"line":80,"column":null}},"15":{"start":{"line":79,"column":12},"end":{"line":79,"column":null}}},"fnMap":{"0":{"name":"(anonymous_0)","decl":{"start":{"line":9,"column":4},"end":{"line":9,"column":16}},"loc":{"start":{"line":9,"column":29},"end":{"line":11,"column":null}},"line":9},"1":{"name":"(anonymous_1)","decl":{"start":{"line":13,"column":10},"end":{"line":13,"column":17}},"loc":{"start":{"line":13,"column":46},"end":{"line":26,"column":null}},"line":13},"2":{"name":"(anonymous_2)","decl":{"start":{"line":28,"column":10},"end":{"line":28,"column":25}},"loc":{"start":{"line":28,"column":38},"end":{"line":36,"column":null}},"line":28},"3":{"name":"(anonymous_3)","decl":{"start":{"line":43,"column":10},"end":{"line":43,"column":18}},"loc":{"start":{"line":43,"column":49},"end":{"line":54,"column":null}},"line":43},"4":{"name":"(anonymous_4)","decl":{"start":{"line":48,"column":52},"end":{"line":48,"column":57}},"loc":{"start":{"line":48,"column":57},"end":{"line":48,"column":72}},"line":48},"5":{"name":"(anonymous_5)","decl":{"start":{"line":51,"column":51},"end":{"line":51,"column":56}},"loc":{"start":{"line":51,"column":56},"end":{"line":51,"column":71}},"line":51},"6":{"name":"(anonymous_6)","decl":{"start":{"line":61,"column":10},"end":{"line":61,"column":18}},"loc":{"start":{"line":61,"column":49},"end":{"line":75,"column":null}},"line":61},"7":{"name":"(anonymous_7)","decl":{"start":{"line":77,"column":10},"end":{"line":77,"column":32}},"loc":{"start":{"line":77,"column":32},"end":{"line":81,"column":null}},"line":77}},"branchMap":{"0":{"loc":{"start":{"line":78,"column":8},"end":{"line":80,"column":null}},"type":"if","locations":[{"start":{"line":78,"column":8},"end":{"line":80,"column":null}},{"start":{},"end":{}}],"line":78}},"s":{"0":11,"1":11,"2":11,"3":9,"4":7,"5":5,"6":4,"7":4,"8":48,"9":120,"10":4,"11":3,"12":3,"13":3,"14":10,"15":5},"f":{"0":9,"1":7,"2":5,"3":4,"4":48,"5":120,"6":3,"7":10},"b":{"0":[5,5]},"meta":{"lastBranch":1,"lastFunction":8,"lastStatement":16,"seen":{"s:2:36:2:Infinity":0,"s:6:40:6:Infinity":1,"s:7:40:7:Infinity":2,"f:9:4:9:16":0,"s:10:8:10:Infinity":3,"f:13:10:13:17":1,"s:14:8:25:Infinity":4,"f:28:10:28:25":2,"s:29:8:35:Infinity":5,"f:43:10:43:18":3,"s:44:44:44:Infinity":6,"s:45:26:52:Infinity":7,"f:48:52:48:57":4,"s:48:57:48:72":8,"f:51:51:51:56":5,"s:51:56:51:71":9,"s:53:8:53:Infinity":10,"f:61:10:61:18":6,"s:62:19:62:Infinity":11,"s:63:26:70:Infinity":12,"s:72:8:74:Infinity":13,"f:77:10:77:32":7,"b:78:8:80:Infinity:undefined:undefined:undefined:undefined":0,"s:78:8:80:Infinity":14,"s:79:12:79:Infinity":15}}}
,"C:\\Users\\alexb\\Documents\\vscode\\perso\\extends-persist-pinia-store\\persist-pinia-state\\src\\services\\IndexedDB.ts": {"path":"C:\\Users\\alexb\\Documents\\vscode\\perso\\extends-persist-pinia-store\\persist-pinia-state\\src\\services\\IndexedDB.ts","statementMap":{"0":{"start":{"line":22,"column":46},"end":{"line":22,"column":null}},"1":{"start":{"line":23,"column":28},"end":{"line":23,"column":null}},"2":{"start":{"line":27,"column":51},"end":{"line":27,"column":null}},"3":{"start":{"line":35,"column":8},"end":{"line":35,"column":null}},"4":{"start":{"line":37,"column":8},"end":{"line":37,"column":null}},"5":{"start":{"line":39,"column":8},"end":{"line":41,"column":null}},"6":{"start":{"line":40,"column":12},"end":{"line":40,"column":null}},"7":{"start":{"line":43,"column":8},"end":{"line":45,"column":null}},"8":{"start":{"line":44,"column":12},"end":{"line":44,"column":null}},"9":{"start":{"line":49,"column":24},"end":{"line":57,"column":null}},"10":{"start":{"line":50,"column":12},"end":{"line":56,"column":null}},"11":{"start":{"line":51,"column":37},"end":{"line":51,"column":null}},"12":{"start":{"line":53,"column":16},"end":{"line":55,"column":null}},"13":{"start":{"line":54,"column":33},"end":{"line":54,"column":null}},"14":{"start":{"line":59,"column":8},"end":{"line":59,"column":null}},"15":{"start":{"line":63,"column":8},"end":{"line":65,"column":null}},"16":{"start":{"line":64,"column":12},"end":{"line":64,"column":null}},"17":{"start":{"line":69,"column":24},"end":{"line":71,"column":null}},"18":{"start":{"line":70,"column":12},"end":{"line":70,"column":null}},"19":{"start":{"line":73,"column":8},"end":{"line":73,"column":null}},"20":{"start":{"line":77,"column":8},"end":{"line":93,"column":null}},"21":{"start":{"line":78,"column":28},"end":{"line":90,"column":null}},"22":{"start":{"line":79,"column":16},"end":{"line":89,"column":null}},"23":{"start":{"line":80,"column":40},"end":{"line":80,"column":null}},"24":{"start":{"line":82,"column":20},"end":{"line":88,"column":null}},"25":{"start":{"line":84,"column":28},"end":{"line":86,"column":null}},"26":{"start":{"line":85,"column":32},"end":{"line":85,"column":null}},"27":{"start":{"line":87,"column":39},"end":{"line":87,"column":null}},"28":{"start":{"line":92,"column":12},"end":{"line":92,"column":null}},"29":{"start":{"line":100,"column":8},"end":{"line":113,"column":null}},"30":{"start":{"line":101,"column":28},"end":{"line":111,"column":null}},"31":{"start":{"line":102,"column":16},"end":{"line":110,"column":null}},"32":{"start":{"line":103,"column":34},"end":{"line":103,"column":null}},"33":{"start":{"line":104,"column":41},"end":{"line":104,"column":null}},"34":{"start":{"line":106,"column":20},"end":{"line":109,"column":null}},"35":{"start":{"line":107,"column":37},"end":{"line":107,"column":null}},"36":{"start":{"line":108,"column":39},"end":{"line":108,"column":null}},"37":{"start":{"line":112,"column":12},"end":{"line":112,"column":null}},"38":{"start":{"line":117,"column":8},"end":{"line":117,"column":null}},"39":{"start":{"line":117,"column":29},"end":{"line":117,"column":38}},"40":{"start":{"line":119,"column":24},"end":{"line":119,"column":null}},"41":{"start":{"line":120,"column":8},"end":{"line":120,"column":null}},"42":{"start":{"line":124,"column":8},"end":{"line":124,"column":null}},"43":{"start":{"line":124,"column":38},"end":{"line":124,"column":null}},"44":{"start":{"line":128,"column":8},"end":{"line":128,"column":null}},"45":{"start":{"line":132,"column":24},"end":{"line":132,"column":null}},"46":{"start":{"line":134,"column":22},"end":{"line":136,"column":null}},"47":{"start":{"line":135,"column":12},"end":{"line":135,"column":null}},"48":{"start":{"line":138,"column":30},"end":{"line":156,"column":null}},"49":{"start":{"line":139,"column":12},"end":{"line":155,"column":null}},"50":{"start":{"line":140,"column":16},"end":{"line":140,"column":null}},"51":{"start":{"line":142,"column":16},"end":{"line":142,"column":null}},"52":{"start":{"line":142,"column":31},"end":{"line":142,"column":null}},"53":{"start":{"line":144,"column":36},"end":{"line":144,"column":null}},"54":{"start":{"line":146,"column":16},"end":{"line":146,"column":null}},"55":{"start":{"line":146,"column":44},"end":{"line":146,"column":null}},"56":{"start":{"line":148,"column":16},"end":{"line":148,"column":null}},"57":{"start":{"line":150,"column":16},"end":{"line":152,"column":null}},"58":{"start":{"line":151,"column":20},"end":{"line":151,"column":null}},"59":{"start":{"line":154,"column":16},"end":{"line":154,"column":null}},"60":{"start":{"line":158,"column":8},"end":{"line":161,"column":null}},"61":{"start":{"line":159,"column":44},"end":{"line":159,"column":null}},"62":{"start":{"line":160,"column":12},"end":{"line":160,"column":null}},"63":{"start":{"line":160,"column":42},"end":{"line":160,"column":null}},"64":{"start":{"line":163,"column":8},"end":{"line":169,"column":null}},"65":{"start":{"line":164,"column":44},"end":{"line":164,"column":null}},"66":{"start":{"line":165,"column":12},"end":{"line":168,"column":null}},"67":{"start":{"line":166,"column":16},"end":{"line":166,"column":null}},"68":{"start":{"line":167,"column":16},"end":{"line":167,"column":null}},"69":{"start":{"line":171,"column":22},"end":{"line":182,"column":null}},"70":{"start":{"line":172,"column":34},"end":{"line":180,"column":null}},"71":{"start":{"line":173,"column":16},"end":{"line":178,"column":null}},"72":{"start":{"line":174,"column":20},"end":{"line":174,"column":null}},"73":{"start":{"line":175,"column":20},"end":{"line":175,"column":null}},"74":{"start":{"line":176,"column":20},"end":{"line":176,"column":null}},"75":{"start":{"line":177,"column":20},"end":{"line":177,"column":null}},"76":{"start":{"line":179,"column":16},"end":{"line":179,"column":null}},"77":{"start":{"line":181,"column":12},"end":{"line":181,"column":null}},"78":{"start":{"line":184,"column":8},"end":{"line":184,"column":null}},"79":{"start":{"line":186,"column":8},"end":{"line":186,"column":null}},"80":{"start":{"line":193,"column":8},"end":{"line":193,"column":null}},"81":{"start":{"line":194,"column":8},"end":{"line":196,"column":null}},"82":{"start":{"line":195,"column":12},"end":{"line":195,"column":null}},"83":{"start":{"line":200,"column":24},"end":{"line":205,"column":null}},"84":{"start":{"line":201,"column":12},"end":{"line":204,"column":null}},"85":{"start":{"line":202,"column":38},"end":{"line":202,"column":null}},"86":{"start":{"line":203,"column":16},"end":{"line":203,"column":null}},"87":{"start":{"line":207,"column":8},"end":{"line":207,"column":null}},"88":{"start":{"line":211,"column":24},"end":{"line":230,"column":null}},"89":{"start":{"line":212,"column":12},"end":{"line":229,"column":null}},"90":{"start":{"line":213,"column":38},"end":{"line":213,"column":null}},"91":{"start":{"line":215,"column":44},"end":{"line":224,"column":null}},"92":{"start":{"line":216,"column":34},"end":{"line":216,"column":null}},"93":{"start":{"line":218,"column":20},"end":{"line":223,"column":null}},"94":{"start":{"line":219,"column":24},"end":{"line":222,"column":null}},"95":{"start":{"line":220,"column":50},"end":{"line":220,"column":null}},"96":{"start":{"line":221,"column":28},"end":{"line":221,"column":null}},"97":{"start":{"line":226,"column":30},"end":{"line":226,"column":null}},"98":{"start":{"line":226,"column":36},"end":{"line":226,"column":null}},"99":{"start":{"line":228,"column":16},"end":{"line":228,"column":null}},"100":{"start":{"line":232,"column":8},"end":{"line":232,"column":null}},"101":{"start":{"line":239,"column":35},"end":{"line":239,"column":null}},"102":{"start":{"line":241,"column":8},"end":{"line":243,"column":null}},"103":{"start":{"line":242,"column":12},"end":{"line":242,"column":null}},"104":{"start":{"line":244,"column":8},"end":{"line":246,"column":null}},"105":{"start":{"line":245,"column":12},"end":{"line":245,"column":null}},"106":{"start":{"line":250,"column":8},"end":{"line":250,"column":null}},"107":{"start":{"line":250,"column":29},"end":{"line":250,"column":36}},"108":{"start":{"line":251,"column":8},"end":{"line":251,"column":null}},"109":{"start":{"line":255,"column":24},"end":{"line":270,"column":null}},"110":{"start":{"line":256,"column":12},"end":{"line":269,"column":null}},"111":{"start":{"line":257,"column":35},"end":{"line":257,"column":null}},"112":{"start":{"line":258,"column":16},"end":{"line":268,"column":null}},"113":{"start":{"line":259,"column":45},"end":{"line":264,"column":null}},"114":{"start":{"line":260,"column":24},"end":{"line":263,"column":null}},"115":{"start":{"line":261,"column":28},"end":{"line":261,"column":null}},"116":{"start":{"line":262,"column":28},"end":{"line":262,"column":null}},"117":{"start":{"line":266,"column":34},"end":{"line":266,"column":null}},"118":{"start":{"line":266,"column":40},"end":{"line":266,"column":null}},"119":{"start":{"line":267,"column":20},"end":{"line":267,"column":null}},"120":{"start":{"line":272,"column":24},"end":{"line":272,"column":null}},"121":{"start":{"line":274,"column":8},"end":{"line":274,"column":null}},"122":{"start":{"line":278,"column":24},"end":{"line":284,"column":null}},"123":{"start":{"line":279,"column":12},"end":{"line":283,"column":null}},"124":{"start":{"line":280,"column":35},"end":{"line":280,"column":null}},"125":{"start":{"line":281,"column":16},"end":{"line":282,"column":null}},"126":{"start":{"line":282,"column":20},"end":{"line":282,"column":null}},"127":{"start":{"line":286,"column":8},"end":{"line":286,"column":null}}},"fnMap":{"0":{"name":"(anonymous_0)","decl":{"start":{"line":30,"column":4},"end":{"line":30,"column":null}},"loc":{"start":{"line":34,"column":6},"end":{"line":46,"column":null}},"line":34},"1":{"name":"(anonymous_1)","decl":{"start":{"line":48,"column":11},"end":{"line":48,"column":25}},"loc":{"start":{"line":48,"column":25},"end":{"line":60,"column":null}},"line":48},"2":{"name":"(anonymous_2)","decl":{"start":{"line":49,"column":24},"end":{"line":49,"column":30}},"loc":{"start":{"line":49,"column":30},"end":{"line":57,"column":null}},"line":49},"3":{"name":"(anonymous_3)","decl":{"start":{"line":54,"column":27},"end":{"line":54,"column":33}},"loc":{"start":{"line":54,"column":33},"end":{"line":54,"column":null}},"line":54},"4":{"name":"(anonymous_4)","decl":{"start":{"line":62,"column":12},"end":{"line":62,"column":38}},"loc":{"start":{"line":62,"column":38},"end":{"line":66,"column":null}},"line":62},"5":{"name":"(anonymous_5)","decl":{"start":{"line":68,"column":11},"end":{"line":68,"column":37}},"loc":{"start":{"line":68,"column":37},"end":{"line":74,"column":null}},"line":68},"6":{"name":"(anonymous_6)","decl":{"start":{"line":69,"column":24},"end":{"line":69,"column":30}},"loc":{"start":{"line":69,"column":30},"end":{"line":71,"column":null}},"line":69},"7":{"name":"(anonymous_7)","decl":{"start":{"line":76,"column":17},"end":{"line":76,"column":25}},"loc":{"start":{"line":76,"column":79},"end":{"line":94,"column":null}},"line":76},"8":{"name":"(anonymous_8)","decl":{"start":{"line":77,"column":27},"end":{"line":77,"column":28}},"loc":{"start":{"line":77,"column":40},"end":{"line":93,"column":9}},"line":77},"9":{"name":"(anonymous_9)","decl":{"start":{"line":78,"column":28},"end":{"line":78,"column":34}},"loc":{"start":{"line":78,"column":34},"end":{"line":90,"column":null}},"line":78},"10":{"name":"(anonymous_10)","decl":{"start":{"line":83,"column":31},"end":{"line":83,"column":null}},"loc":{"start":{"line":84,"column":28},"end":{"line":86,"column":null}},"line":84},"11":{"name":"(anonymous_11)","decl":{"start":{"line":84,"column":60},"end":{"line":84,"column":null}},"loc":{"start":{"line":85,"column":32},"end":{"line":85,"column":null}},"line":85},"12":{"name":"(anonymous_12)","decl":{"start":{"line":87,"column":33},"end":{"line":87,"column":39}},"loc":{"start":{"line":87,"column":39},"end":{"line":87,"column":null}},"line":87},"13":{"name":"(anonymous_13)","decl":{"start":{"line":96,"column":17},"end":{"line":96,"column":null}},"loc":{"start":{"line":99,"column":35},"end":{"line":114,"column":null}},"line":99},"14":{"name":"(anonymous_14)","decl":{"start":{"line":100,"column":27},"end":{"line":100,"column":28}},"loc":{"start":{"line":100,"column":40},"end":{"line":113,"column":9}},"line":100},"15":{"name":"(anonymous_15)","decl":{"start":{"line":101,"column":28},"end":{"line":101,"column":34}},"loc":{"start":{"line":101,"column":34},"end":{"line":111,"column":null}},"line":101},"16":{"name":"(anonymous_16)","decl":{"start":{"line":107,"column":31},"end":{"line":107,"column":37}},"loc":{"start":{"line":107,"column":37},"end":{"line":107,"column":null}},"line":107},"17":{"name":"(anonymous_17)","decl":{"start":{"line":108,"column":33},"end":{"line":108,"column":39}},"loc":{"start":{"line":108,"column":39},"end":{"line":108,"column":null}},"line":108},"18":{"name":"(anonymous_18)","decl":{"start":{"line":116,"column":12},"end":{"line":116,"column":45}},"loc":{"start":{"line":116,"column":45},"end":{"line":121,"column":null}},"line":116},"19":{"name":"(anonymous_19)","decl":{"start":{"line":123,"column":12},"end":{"line":123,"column":32}},"loc":{"start":{"line":123,"column":78},"end":{"line":125,"column":null}},"line":123},"20":{"name":"(anonymous_20)","decl":{"start":{"line":124,"column":32},"end":{"line":124,"column":38}},"loc":{"start":{"line":124,"column":38},"end":{"line":124,"column":null}},"line":124},"21":{"name":"(anonymous_21)","decl":{"start":{"line":127,"column":12},"end":{"line":127,"column":20}},"loc":{"start":{"line":127,"column":59},"end":{"line":129,"column":null}},"line":127},"22":{"name":"(anonymous_22)","decl":{"start":{"line":131,"column":12},"end":{"line":131,"column":17}},"loc":{"start":{"line":131,"column":77},"end":{"line":187,"column":null}},"line":131},"23":{"name":"(anonymous_23)","decl":{"start":{"line":134,"column":22},"end":{"line":134,"column":28}},"loc":{"start":{"line":134,"column":28},"end":{"line":136,"column":null}},"line":134},"24":{"name":"(anonymous_24)","decl":{"start":{"line":138,"column":30},"end":{"line":138,"column":31}},"loc":{"start":{"line":138,"column":63},"end":{"line":156,"column":null}},"line":138},"25":{"name":"(anonymous_25)","decl":{"start":{"line":146,"column":38},"end":{"line":146,"column":44}},"loc":{"start":{"line":146,"column":44},"end":{"line":146,"column":null}},"line":146},"26":{"name":"(anonymous_26)","decl":{"start":{"line":160,"column":36},"end":{"line":160,"column":42}},"loc":{"start":{"line":160,"column":42},"end":{"line":160,"column":null}},"line":160},"27":{"name":"(anonymous_27)","decl":{"start":{"line":165,"column":36},"end":{"line":165,"column":42}},"loc":{"start":{"line":165,"column":42},"end":{"line":168,"column":null}},"line":165},"28":{"name":"(anonymous_28)","decl":{"start":{"line":171,"column":22},"end":{"line":171,"column":28}},"loc":{"start":{"line":171,"column":28},"end":{"line":182,"column":null}},"line":171},"29":{"name":"(anonymous_29)","decl":{"start":{"line":172,"column":34},"end":{"line":172,"column":35}},"loc":{"start":{"line":172,"column":50},"end":{"line":180,"column":null}},"line":172},"30":{"name":"(anonymous_30)","decl":{"start":{"line":189,"column":12},"end":{"line":189,"column":null}},"loc":{"start":{"line":192,"column":12},"end":{"line":197,"column":null}},"line":192},"31":{"name":"(anonymous_31)","decl":{"start":{"line":199,"column":11},"end":{"line":199,"column":22}},"loc":{"start":{"line":199,"column":48},"end":{"line":208,"column":null}},"line":199},"32":{"name":"(anonymous_32)","decl":{"start":{"line":200,"column":24},"end":{"line":200,"column":30}},"loc":{"start":{"line":200,"column":30},"end":{"line":205,"column":null}},"line":200},"33":{"name":"(anonymous_33)","decl":{"start":{"line":210,"column":11},"end":{"line":210,"column":23}},"loc":{"start":{"line":210,"column":52},"end":{"line":233,"column":null}},"line":210},"34":{"name":"(anonymous_34)","decl":{"start":{"line":211,"column":24},"end":{"line":211,"column":30}},"loc":{"start":{"line":211,"column":30},"end":{"line":230,"column":null}},"line":211},"35":{"name":"(anonymous_35)","decl":{"start":{"line":215,"column":44},"end":{"line":215,"column":50}},"loc":{"start":{"line":215,"column":50},"end":{"line":224,"column":null}},"line":215},"36":{"name":"(anonymous_36)","decl":{"start":{"line":218,"column":34},"end":{"line":218,"column":35}},"loc":{"start":{"line":218,"column":43},"end":{"line":223,"column":21}},"line":218},"37":{"name":"(anonymous_37)","decl":{"start":{"line":226,"column":30},"end":{"line":226,"column":36}},"loc":{"start":{"line":226,"column":36},"end":{"line":226,"column":null}},"line":226},"38":{"name":"(anonymous_38)","decl":{"start":{"line":235,"column":12},"end":{"line":235,"column":null}},"loc":{"start":{"line":238,"column":12},"end":{"line":247,"column":null}},"line":238},"39":{"name":"(anonymous_39)","decl":{"start":{"line":249,"column":12},"end":{"line":249,"column":32}},"loc":{"start":{"line":249,"column":32},"end":{"line":252,"column":null}},"line":249},"40":{"name":"(anonymous_40)","decl":{"start":{"line":254,"column":11},"end":{"line":254,"column":19}},"loc":{"start":{"line":254,"column":57},"end":{"line":275,"column":null}},"line":254},"41":{"name":"(anonymous_41)","decl":{"start":{"line":255,"column":24},"end":{"line":255,"column":30}},"loc":{"start":{"line":255,"column":30},"end":{"line":270,"column":null}},"line":255},"42":{"name":"(anonymous_42)","decl":{"start":{"line":259,"column":45},"end":{"line":259,"column":51}},"loc":{"start":{"line":259,"column":51},"end":{"line":264,"column":null}},"line":259},"43":{"name":"(anonymous_43)","decl":{"start":{"line":260,"column":38},"end":{"line":260,"column":39}},"loc":{"start":{"line":260,"column":45},"end":{"line":263,"column":25}},"line":260},"44":{"name":"(anonymous_44)","decl":{"start":{"line":266,"column":34},"end":{"line":266,"column":40}},"loc":{"start":{"line":266,"column":40},"end":{"line":266,"column":null}},"line":266},"45":{"name":"(anonymous_45)","decl":{"start":{"line":277,"column":11},"end":{"line":277,"column":22}},"loc":{"start":{"line":277,"column":42},"end":{"line":287,"column":null}},"line":277},"46":{"name":"(anonymous_46)","decl":{"start":{"line":278,"column":24},"end":{"line":278,"column":30}},"loc":{"start":{"line":278,"column":30},"end":{"line":284,"column":null}},"line":278},"47":{"name":"(anonymous_47)","decl":{"start":{"line":281,"column":37},"end":{"line":281,"column":null}},"loc":{"start":{"line":282,"column":20},"end":{"line":282,"column":null}},"line":282}},"branchMap":{"0":{"loc":{"start":{"line":39,"column":8},"end":{"line":41,"column":null}},"type":"if","locations":[{"start":{"line":39,"column":8},"end":{"line":41,"column":null}},{"start":{},"end":{}}],"line":39},"1":{"loc":{"start":{"line":43,"column":8},"end":{"line":45,"column":null}},"type":"if","locations":[{"start":{"line":43,"column":8},"end":{"line":45,"column":null}},{"start":{},"end":{}}],"line":43},"2":{"loc":{"start":{"line":50,"column":12},"end":{"line":56,"column":null}},"type":"if","locations":[{"start":{"line":50,"column":12},"end":{"line":56,"column":null}},{"start":{},"end":{}}],"line":50},"3":{"loc":{"start":{"line":63,"column":8},"end":{"line":65,"column":null}},"type":"if","locations":[{"start":{"line":63,"column":8},"end":{"line":65,"column":null}},{"start":{},"end":{}}],"line":63},"4":{"loc":{"start":{"line":63,"column":12},"end":{"line":63,"column":84}},"type":"binary-expr","locations":[{"start":{"line":63,"column":12},"end":{"line":63,"column":24}},{"start":{"line":63,"column":24},"end":{"line":63,"column":84}}],"line":63},"5":{"loc":{"start":{"line":79,"column":16},"end":{"line":89,"column":null}},"type":"if","locations":[{"start":{"line":79,"column":16},"end":{"line":89,"column":null}},{"start":{},"end":{}}],"line":79},"6":{"loc":{"start":{"line":102,"column":16},"end":{"line":110,"column":null}},"type":"if","locations":[{"start":{"line":102,"column":16},"end":{"line":110,"column":null}},{"start":{},"end":{}}],"line":102},"7":{"loc":{"start":{"line":117,"column":8},"end":{"line":117,"column":null}},"type":"if","locations":[{"start":{"line":117,"column":8},"end":{"line":117,"column":null}},{"start":{},"end":{}}],"line":117},"8":{"loc":{"start":{"line":120,"column":15},"end":{"line":120,"column":null}},"type":"cond-expr","locations":[{"start":{"line":120,"column":25},"end":{"line":120,"column":45}},{"start":{"line":120,"column":45},"end":{"line":120,"column":null}}],"line":120},"9":{"loc":{"start":{"line":128,"column":8},"end":{"line":128,"column":null}},"type":"binary-expr","locations":[{"start":{"line":128,"column":8},"end":{"line":128,"column":20}},{"start":{"line":128,"column":20},"end":{"line":128,"column":null}}],"line":128},"10":{"loc":{"start":{"line":142,"column":16},"end":{"line":142,"column":null}},"type":"if","locations":[{"start":{"line":142,"column":16},"end":{"line":142,"column":null}},{"start":{},"end":{}}],"line":142},"11":{"loc":{"start":{"line":150,"column":16},"end":{"line":152,"column":null}},"type":"if","locations":[{"start":{"line":150,"column":16},"end":{"line":152,"column":null}},{"start":{},"end":{}}],"line":150},"12":{"loc":{"start":{"line":158,"column":8},"end":{"line":161,"column":null}},"type":"if","locations":[{"start":{"line":158,"column":8},"end":{"line":161,"column":null}},{"start":{},"end":{}}],"line":158},"13":{"loc":{"start":{"line":163,"column":8},"end":{"line":169,"column":null}},"type":"if","locations":[{"start":{"line":163,"column":8},"end":{"line":169,"column":null}},{"start":{},"end":{}}],"line":163},"14":{"loc":{"start":{"line":173,"column":16},"end":{"line":178,"column":null}},"type":"if","locations":[{"start":{"line":173,"column":16},"end":{"line":178,"column":null}},{"start":{},"end":{}}],"line":173},"15":{"loc":{"start":{"line":179,"column":16},"end":{"line":179,"column":null}},"type":"binary-expr","locations":[{"start":{"line":179,"column":16},"end":{"line":179,"column":40}},{"start":{"line":179,"column":40},"end":{"line":179,"column":null}}],"line":179},"16":{"loc":{"start":{"line":184,"column":8},"end":{"line":184,"column":null}},"type":"binary-expr","locations":[{"start":{"line":184,"column":8},"end":{"line":184,"column":25}},{"start":{"line":184,"column":25},"end":{"line":184,"column":null}}],"line":184},"17":{"loc":{"start":{"line":194,"column":8},"end":{"line":196,"column":null}},"type":"if","locations":[{"start":{"line":194,"column":8},"end":{"line":196,"column":null}},{"start":{},"end":{}}],"line":194},"18":{"loc":{"start":{"line":201,"column":12},"end":{"line":204,"column":null}},"type":"if","locations":[{"start":{"line":201,"column":12},"end":{"line":204,"column":null}},{"start":{},"end":{}}],"line":201},"19":{"loc":{"start":{"line":212,"column":12},"end":{"line":229,"column":null}},"type":"if","locations":[{"start":{"line":212,"column":12},"end":{"line":229,"column":null}},{"start":{},"end":{}}],"line":212},"20":{"loc":{"start":{"line":219,"column":24},"end":{"line":222,"column":null}},"type":"if","locations":[{"start":{"line":219,"column":24},"end":{"line":222,"column":null}},{"start":{},"end":{}}],"line":219},"21":{"loc":{"start":{"line":219,"column":28},"end":{"line":219,"column":99}},"type":"binary-expr","locations":[{"start":{"line":219,"column":28},"end":{"line":219,"column":50}},{"start":{"line":219,"column":50},"end":{"line":219,"column":68}},{"start":{"line":219,"column":68},"end":{"line":219,"column":99}}],"line":219},"22":{"loc":{"start":{"line":241,"column":8},"end":{"line":243,"column":null}},"type":"if","locations":[{"start":{"line":241,"column":8},"end":{"line":243,"column":null}},{"start":{},"end":{}}],"line":241},"23":{"loc":{"start":{"line":244,"column":8},"end":{"line":246,"column":null}},"type":"if","locations":[{"start":{"line":244,"column":8},"end":{"line":246,"column":null}},{"start":{},"end":{}}],"line":244},"24":{"loc":{"start":{"line":250,"column":8},"end":{"line":250,"column":null}},"type":"if","locations":[{"start":{"line":250,"column":8},"end":{"line":250,"column":null}},{"start":{},"end":{}}],"line":250},"25":{"loc":{"start":{"line":256,"column":12},"end":{"line":269,"column":null}},"type":"if","locations":[{"start":{"line":256,"column":12},"end":{"line":269,"column":null}},{"start":{},"end":{}}],"line":256},"26":{"loc":{"start":{"line":258,"column":16},"end":{"line":268,"column":null}},"type":"if","locations":[{"start":{"line":258,"column":16},"end":{"line":268,"column":null}},{"start":{},"end":{}}],"line":258},"27":{"loc":{"start":{"line":279,"column":12},"end":{"line":283,"column":null}},"type":"if","locations":[{"start":{"line":279,"column":12},"end":{"line":283,"column":null}},{"start":{},"end":{}}],"line":279}},"s":{"0":0,"1":0,"2":0,"3":0,"4":0,"5":0,"6":0,"7":0,"8":0,"9":0,"10":0,"11":0,"12":0,"13":0,"14":0,"15":0,"16":0,"17":0,"18":0,"19":0,"20":0,"21":0,"22":0,"23":0,"24":0,"25":0,"26":0,"27":0,"28":0,"29":0,"30":0,"31":0,"32":0,"33":0,"34":0,"35":0,"36":0,"37":0,"38":0,"39":0,"40":0,"41":0,"42":0,"43":0,"44":0,"45":0,"46":0,"47":0,"48":0,"49":0,"50":0,"51":0,"52":0,"53":0,"54":0,"55":0,"56":0,"57":0,"58":0,"59":0,"60":0,"61":0,"62":0,"63":0,"64":0,"65":0,"66":0,"67":0,"68":0,"69":0,"70":0,"71":0,"72":0,"73":0,"74":0,"75":0,"76":0,"77":0,"78":0,"79":0,"80":0,"81":0,"82":0,"83":0,"84":0,"85":0,"86":0,"87":0,"88":0,"89":0,"90":0,"91":0,"92":0,"93":0,"94":0,"95":0,"96":0,"97":0,"98":0,"99":0,"100":0,"101":0,"102":0,"103":0,"104":0,"105":0,"106":0,"107":0,"108":0,"109":0,"110":0,"111":0,"112":0,"113":0,"114":0,"115":0,"116":0,"117":0,"118":0,"119":0,"120":0,"121":0,"122":0,"123":0,"124":0,"125":0,"126":0,"127":0},"f":{"0":0,"1":0,"2":0,"3":0,"4":0,"5":0,"6":0,"7":0,"8":0,"9":0,"10":0,"11":0,"12":0,"13":0,"14":0,"15":0,"16":0,"17":0,"18":0,"19":0,"20":0,"21":0,"22":0,"23":0,"24":0,"25":0,"26":0,"27":0,"28":0,"29":0,"30":0,"31":0,"32":0,"33":0,"34":0,"35":0,"36":0,"37":0,"38":0,"39":0,"40":0,"41":0,"42":0,"43":0,"44":0,"45":0,"46":0,"47":0},"b":{"0":[0,0],"1":[0,0],"2":[0,0],"3":[0,0],"4":[0,0],"5":[0,0],"6":[0,0],"7":[0,0],"8":[0,0],"9":[0,0],"10":[0,0],"11":[0,0],"12":[0,0],"13":[0,0],"14":[0,0],"15":[0,0],"16":[0,0],"17":[0,0],"18":[0,0],"19":[0,0],"20":[0,0],"21":[0,0,0],"22":[0,0],"23":[0,0],"24":[0,0],"25":[0,0],"26":[0,0],"27":[0,0]},"meta":{"lastBranch":28,"lastFunction":48,"lastStatement":128,"seen":{"s:22:46:22:Infinity":0,"s:23:28:23:Infinity":1,"s:27:51:27:Infinity":2,"f:30:4:30:Infinity":0,"s:35:8:35:Infinity":3,"s:37:8:37:Infinity":4,"b:39:8:41:Infinity:undefined:undefined:undefined:undefined":0,"s:39:8:41:Infinity":5,"s:40:12:40:Infinity":6,"b:43:8:45:Infinity:undefined:undefined:undefined:undefined":1,"s:43:8:45:Infinity":7,"s:44:12:44:Infinity":8,"f:48:11:48:25":1,"s:49:24:57:Infinity":9,"f:49:24:49:30":2,"b:50:12:56:Infinity:undefined:undefined:undefined:undefined":2,"s:50:12:56:Infinity":10,"s:51:37:51:Infinity":11,"s:53:16:55:Infinity":12,"f:54:27:54:33":3,"s:54:33:54:Infinity":13,"s:59:8:59:Infinity":14,"f:62:12:62:38":4,"b:63:8:65:Infinity:undefined:undefined:undefined:undefined":3,"s:63:8:65:Infinity":15,"b:63:12:63:24:63:24:63:84":4,"s:64:12:64:Infinity":16,"f:68:11:68:37":5,"s:69:24:71:Infinity":17,"f:69:24:69:30":6,"s:70:12:70:Infinity":18,"s:73:8:73:Infinity":19,"f:76:17:76:25":7,"s:77:8:93:Infinity":20,"f:77:27:77:28":8,"s:78:28:90:Infinity":21,"f:78:28:78:34":9,"b:79:16:89:Infinity:undefined:undefined:undefined:undefined":5,"s:79:16:89:Infinity":22,"s:80:40:80:Infinity":23,"s:82:20:88:Infinity":24,"f:83:31:83:Infinity":10,"s:84:28:86:Infinity":25,"f:84:60:84:Infinity":11,"s:85:32:85:Infinity":26,"f:87:33:87:39":12,"s:87:39:87:Infinity":27,"s:92:12:92:Infinity":28,"f:96:17:96:Infinity":13,"s:100:8:113:Infinity":29,"f:100:27:100:28":14,"s:101:28:111:Infinity":30,"f:101:28:101:34":15,"b:102:16:110:Infinity:undefined:undefined:undefined:undefined":6,"s:102:16:110:Infinity":31,"s:103:34:103:Infinity":32,"s:104:41:104:Infinity":33,"s:106:20:109:Infinity":34,"f:107:31:107:37":16,"s:107:37:107:Infinity":35,"f:108:33:108:39":17,"s:108:39:108:Infinity":36,"s:112:12:112:Infinity":37,"f:116:12:116:45":18,"b:117:8:117:Infinity:undefined:undefined:undefined:undefined":7,"s:117:8:117:Infinity":38,"s:117:29:117:38":39,"s:119:24:119:Infinity":40,"s:120:8:120:Infinity":41,"b:120:25:120:45:120:45:120:Infinity":8,"f:123:12:123:32":19,"s:124:8:124:Infinity":42,"f:124:32:124:38":20,"s:124:38:124:Infinity":43,"f:127:12:127:20":21,"s:128:8:128:Infinity":44,"b:128:8:128:20:128:20:128:Infinity":9,"f:131:12:131:17":22,"s:132:24:132:Infinity":45,"s:134:22:136:Infinity":46,"f:134:22:134:28":23,"s:135:12:135:Infinity":47,"s:138:30:156:Infinity":48,"f:138:30:138:31":24,"s:139:12:155:Infinity":49,"s:140:16:140:Infinity":50,"b:142:16:142:Infinity:undefined:undefined:undefined:undefined":10,"s:142:16:142:Infinity":51,"s:142:31:142:Infinity":52,"s:144:36:144:Infinity":53,"s:146:16:146:Infinity":54,"f:146:38:146:44":25,"s:146:44:146:Infinity":55,"s:148:16:148:Infinity":56,"b:150:16:152:Infinity:undefined:undefined:undefined:undefined":11,"s:150:16:152:Infinity":57,"s:151:20:151:Infinity":58,"s:154:16:154:Infinity":59,"b:158:8:161:Infinity:undefined:undefined:undefined:undefined":12,"s:158:8:161:Infinity":60,"s:159:44:159:Infinity":61,"s:160:12:160:Infinity":62,"f:160:36:160:42":26,"s:160:42:160:Infinity":63,"b:163:8:169:Infinity:undefined:undefined:undefined:undefined":13,"s:163:8:169:Infinity":64,"s:164:44:164:Infinity":65,"s:165:12:168:Infinity":66,"f:165:36:165:42":27,"s:166:16:166:Infinity":67,"s:167:16:167:Infinity":68,"s:171:22:182:Infinity":69,"f:171:22:171:28":28,"s:172:34:180:Infinity":70,"f:172:34:172:35":29,"b:173:16:178:Infinity:undefined:undefined:undefined:undefined":14,"s:173:16:178:Infinity":71,"s:174:20:174:Infinity":72,"s:175:20:175:Infinity":73,"s:176:20:176:Infinity":74,"s:177:20:177:Infinity":75,"s:179:16:179:Infinity":76,"b:179:16:179:40:179:40:179:Infinity":15,"s:181:12:181:Infinity":77,"s:184:8:184:Infinity":78,"b:184:8:184:25:184:25:184:Infinity":16,"s:186:8:186:Infinity":79,"f:189:12:189:Infinity":30,"s:193:8:193:Infinity":80,"b:194:8:196:Infinity:undefined:undefined:undefined:undefined":17,"s:194:8:196:Infinity":81,"s:195:12:195:Infinity":82,"f:199:11:199:22":31,"s:200:24:205:Infinity":83,"f:200:24:200:30":32,"b:201:12:204:Infinity:undefined:undefined:undefined:undefined":18,"s:201:12:204:Infinity":84,"s:202:38:202:Infinity":85,"s:203:16:203:Infinity":86,"s:207:8:207:Infinity":87,"f:210:11:210:23":33,"s:211:24:230:Infinity":88,"f:211:24:211:30":34,"b:212:12:229:Infinity:undefined:undefined:undefined:undefined":19,"s:212:12:229:Infinity":89,"s:213:38:213:Infinity":90,"s:215:44:224:Infinity":91,"f:215:44:215:50":35,"s:216:34:216:Infinity":92,"s:218:20:223:Infinity":93,"f:218:34:218:35":36,"b:219:24:222:Infinity:undefined:undefined:undefined:undefined":20,"s:219:24:222:Infinity":94,"b:219:28:219:50:219:50:219:68:219:68:219:99":21,"s:220:50:220:Infinity":95,"s:221:28:221:Infinity":96,"s:226:30:226:Infinity":97,"f:226:30:226:36":37,"s:226:36:226:Infinity":98,"s:228:16:228:Infinity":99,"s:232:8:232:Infinity":100,"f:235:12:235:Infinity":38,"s:239:35:239:Infinity":101,"b:241:8:243:Infinity:undefined:undefined:undefined:undefined":22,"s:241:8:243:Infinity":102,"s:242:12:242:Infinity":103,"b:244:8:246:Infinity:undefined:undefined:undefined:undefined":23,"s:244:8:246:Infinity":104,"s:245:12:245:Infinity":105,"f:249:12:249:32":39,"b:250:8:250:Infinity:undefined:undefined:undefined:undefined":24,"s:250:8:250:Infinity":106,"s:250:29:250:36":107,"s:251:8:251:Infinity":108,"f:254:11:254:19":40,"s:255:24:270:Infinity":109,"f:255:24:255:30":41,"b:256:12:269:Infinity:undefined:undefined:undefined:undefined":25,"s:256:12:269:Infinity":110,"s:257:35:257:Infinity":111,"b:258:16:268:Infinity:undefined:undefined:undefined:undefined":26,"s:258:16:268:Infinity":112,"s:259:45:264:Infinity":113,"f:259:45:259:51":42,"s:260:24:263:Infinity":114,"f:260:38:260:39":43,"s:261:28:261:Infinity":115,"s:262:28:262:Infinity":116,"s:266:34:266:Infinity":117,"f:266:34:266:40":44,"s:266:40:266:Infinity":118,"s:267:20:267:Infinity":119,"s:272:24:272:Infinity":120,"s:274:8:274:Infinity":121,"f:277:11:277:22":45,"s:278:24:284:Infinity":122,"f:278:24:278:30":46,"b:279:12:283:Infinity:undefined:undefined:undefined:undefined":27,"s:279:12:283:Infinity":123,"s:280:35:280:Infinity":124,"s:281:16:282:Infinity":125,"f:281:37:281:Infinity":47,"s:282:20:282:Infinity":126,"s:286:8:286:Infinity":127}}}
,"C:\\Users\\alexb\\Documents\\vscode\\perso\\extends-persist-pinia-store\\persist-pinia-state\\src\\services\\Persister.ts": {"path":"C:\\Users\\alexb\\Documents\\vscode\\perso\\extends-persist-pinia-store\\persist-pinia-state\\src\\services\\Persister.ts","statementMap":{"0":{"start":{"line":16,"column":8},"end":{"line":16,"column":null}},"1":{"start":{"line":20,"column":8},"end":{"line":22,"column":null}},"2":{"start":{"line":21,"column":12},"end":{"line":21,"column":null}},"3":{"start":{"line":24,"column":8},"end":{"line":24,"column":null}},"4":{"start":{"line":25,"column":8},"end":{"line":25,"column":null}},"5":{"start":{"line":29,"column":34},"end":{"line":29,"column":null}},"6":{"start":{"line":31,"column":8},"end":{"line":33,"column":null}},"7":{"start":{"line":32,"column":12},"end":{"line":32,"column":null}},"8":{"start":{"line":35,"column":8},"end":{"line":35,"column":null}},"9":{"start":{"line":39,"column":8},"end":{"line":45,"column":null}},"10":{"start":{"line":40,"column":12},"end":{"line":44,"column":null}},"11":{"start":{"line":41,"column":16},"end":{"line":41,"column":null}},"12":{"start":{"line":41,"column":62},"end":{"line":41,"column":75}},"13":{"start":{"line":43,"column":16},"end":{"line":43,"column":null}},"14":{"start":{"line":49,"column":8},"end":{"line":49,"column":null}},"15":{"start":{"line":54,"column":8},"end":{"line":54,"column":null}},"16":{"start":{"line":55,"column":8},"end":{"line":71,"column":null}},"17":{"start":{"line":56,"column":12},"end":{"line":68,"column":null}},"18":{"start":{"line":57,"column":16},"end":{"line":64,"column":null}},"19":{"start":{"line":58,"column":20},"end":{"line":63,"column":null}},"20":{"start":{"line":59,"column":35},"end":{"line":59,"column":null}},"21":{"start":{"line":60,"column":24},"end":{"line":60,"column":null}},"22":{"start":{"line":62,"column":24},"end":{"line":62,"column":null}},"23":{"start":{"line":66,"column":16},"end":{"line":66,"column":null}},"24":{"start":{"line":67,"column":16},"end":{"line":67,"column":null}},"25":{"start":{"line":70,"column":12},"end":{"line":70,"column":null}}},"fnMap":{"0":{"name":"(anonymous_0)","decl":{"start":{"line":15,"column":8},"end":{"line":15,"column":25}},"loc":{"start":{"line":15,"column":25},"end":{"line":17,"column":null}},"line":15},"1":{"name":"(anonymous_1)","decl":{"start":{"line":19,"column":4},"end":{"line":19,"column":16}},"loc":{"start":{"line":19,"column":38},"end":{"line":26,"column":null}},"line":19},"2":{"name":"(anonymous_2)","decl":{"start":{"line":28,"column":4},"end":{"line":28,"column":30}},"loc":{"start":{"line":28,"column":30},"end":{"line":36,"column":null}},"line":28},"3":{"name":"(anonymous_3)","decl":{"start":{"line":38,"column":4},"end":{"line":38,"column":12}},"loc":{"start":{"line":38,"column":63},"end":{"line":46,"column":null}},"line":38},"4":{"name":"(anonymous_4)","decl":{"start":{"line":39,"column":27},"end":{"line":39,"column":28}},"loc":{"start":{"line":39,"column":48},"end":{"line":45,"column":9}},"line":39},"5":{"name":"(anonymous_5)","decl":{"start":{"line":41,"column":54},"end":{"line":41,"column":62}},"loc":{"start":{"line":41,"column":62},"end":{"line":41,"column":75}},"line":41},"6":{"name":"(anonymous_6)","decl":{"start":{"line":48,"column":4},"end":{"line":48,"column":15}},"loc":{"start":{"line":48,"column":32},"end":{"line":50,"column":null}},"line":48},"7":{"name":"(anonymous_7)","decl":{"start":{"line":53,"column":4},"end":{"line":53,"column":12}},"loc":{"start":{"line":53,"column":36},"end":{"line":72,"column":null}},"line":53},"8":{"name":"(anonymous_8)","decl":{"start":{"line":57,"column":43},"end":{"line":57,"column":60}},"loc":{"start":{"line":57,"column":60},"end":{"line":64,"column":17}},"line":57}},"branchMap":{"0":{"loc":{"start":{"line":20,"column":8},"end":{"line":22,"column":null}},"type":"if","locations":[{"start":{"line":20,"column":8},"end":{"line":22,"column":null}},{"start":{},"end":{}}],"line":20},"1":{"loc":{"start":{"line":31,"column":8},"end":{"line":33,"column":null}},"type":"if","locations":[{"start":{"line":31,"column":8},"end":{"line":33,"column":null}},{"start":{},"end":{}}],"line":31},"2":{"loc":{"start":{"line":31,"column":12},"end":{"line":31,"column":66}},"type":"binary-expr","locations":[{"start":{"line":31,"column":12},"end":{"line":31,"column":39}},{"start":{"line":31,"column":39},"end":{"line":31,"column":66}}],"line":31},"3":{"loc":{"start":{"line":55,"column":8},"end":{"line":71,"column":null}},"type":"if","locations":[{"start":{"line":55,"column":8},"end":{"line":71,"column":null}},{"start":{"line":69,"column":15},"end":{"line":71,"column":null}}],"line":55},"4":{"loc":{"start":{"line":58,"column":20},"end":{"line":63,"column":null}},"type":"if","locations":[{"start":{"line":58,"column":20},"end":{"line":63,"column":null}},{"start":{"line":61,"column":27},"end":{"line":63,"column":null}}],"line":58}},"s":{"0":11,"1":12,"2":2,"3":10,"4":10,"5":0,"6":0,"7":0,"8":0,"9":24,"10":24,"11":24,"12":24,"13":0,"14":9,"15":10,"16":10,"17":0,"18":0,"19":0,"20":0,"21":0,"22":0,"23":0,"24":0,"25":10},"f":{"0":11,"1":12,"2":0,"3":24,"4":24,"5":24,"6":9,"7":10,"8":0},"b":{"0":[2,10],"1":[0,0],"2":[0,0],"3":[0,10],"4":[0,0]},"meta":{"lastBranch":5,"lastFunction":9,"lastStatement":26,"seen":{"f:15:8:15:25":0,"s:16:8:16:Infinity":0,"f:19:4:19:16":1,"b:20:8:22:Infinity:undefined:undefined:undefined:undefined":0,"s:20:8:22:Infinity":1,"s:21:12:21:Infinity":2,"s:24:8:24:Infinity":3,"s:25:8:25:Infinity":4,"f:28:4:28:30":2,"s:29:34:29:Infinity":5,"b:31:8:33:Infinity:undefined:undefined:undefined:undefined":1,"s:31:8:33:Infinity":6,"b:31:12:31:39:31:39:31:66":2,"s:32:12:32:Infinity":7,"s:35:8:35:Infinity":8,"f:38:4:38:12":3,"s:39:8:45:Infinity":9,"f:39:27:39:28":4,"s:40:12:44:Infinity":10,"s:41:16:41:Infinity":11,"f:41:54:41:62":5,"s:41:62:41:75":12,"s:43:16:43:Infinity":13,"f:48:4:48:15":6,"s:49:8:49:Infinity":14,"f:53:4:53:12":7,"s:54:8:54:Infinity":15,"b:55:8:71:Infinity:69:15:71:Infinity":3,"s:55:8:71:Infinity":16,"s:56:12:68:Infinity":17,"s:57:16:64:Infinity":18,"f:57:43:57:60":8,"b:58:20:63:Infinity:61:27:63:Infinity":4,"s:58:20:63:Infinity":19,"s:59:35:59:Infinity":20,"s:60:24:60:Infinity":21,"s:62:24:62:Infinity":22,"s:66:16:66:Infinity":23,"s:67:16:67:Infinity":24,"s:70:12:70:Infinity":25}}}
,"C:\\Users\\alexb\\Documents\\vscode\\perso\\extends-persist-pinia-store\\persist-pinia-state\\src\\services\\WindowStorage.ts": {"path":"C:\\Users\\alexb\\Documents\\vscode\\perso\\extends-persist-pinia-store\\persist-pinia-state\\src\\services\\WindowStorage.ts","statementMap":{"0":{"start":{"line":8,"column":8},"end":{"line":8,"column":null}},"1":{"start":{"line":12,"column":8},"end":{"line":12,"column":null}},"2":{"start":{"line":16,"column":8},"end":{"line":20,"column":null}},"3":{"start":{"line":17,"column":25},"end":{"line":17,"column":null}},"4":{"start":{"line":19,"column":12},"end":{"line":19,"column":null}},"5":{"start":{"line":24,"column":8},"end":{"line":24,"column":null}},"6":{"start":{"line":28,"column":8},"end":{"line":33,"column":null}},"7":{"start":{"line":28,"column":21},"end":{"line":28,"column":24}},"8":{"start":{"line":29,"column":24},"end":{"line":29,"column":null}},"9":{"start":{"line":30,"column":12},"end":{"line":32,"column":null}},"10":{"start":{"line":31,"column":16},"end":{"line":31,"column":null}},"11":{"start":{"line":37,"column":8},"end":{"line":37,"column":null}}},"fnMap":{"0":{"name":"(anonymous_0)","decl":{"start":{"line":7,"column":4},"end":{"line":7,"column":16}},"loc":{"start":{"line":7,"column":64},"end":{"line":9,"column":null}},"line":7},"1":{"name":"(anonymous_1)","decl":{"start":{"line":11,"column":11},"end":{"line":11,"column":25}},"loc":{"start":{"line":11,"column":25},"end":{"line":13,"column":null}},"line":11},"2":{"name":"(anonymous_2)","decl":{"start":{"line":15,"column":17},"end":{"line":15,"column":25}},"loc":{"start":{"line":15,"column":69},"end":{"line":21,"column":null}},"line":15},"3":{"name":"(anonymous_3)","decl":{"start":{"line":16,"column":27},"end":{"line":16,"column":28}},"loc":{"start":{"line":16,"column":48},"end":{"line":20,"column":9}},"line":16},"4":{"name":"(anonymous_4)","decl":{"start":{"line":23,"column":11},"end":{"line":23,"column":22}},"loc":{"start":{"line":23,"column":50},"end":{"line":25,"column":null}},"line":23},"5":{"name":"(anonymous_5)","decl":{"start":{"line":27,"column":11},"end":{"line":27,"column":23}},"loc":{"start":{"line":27,"column":52},"end":{"line":34,"column":null}},"line":27},"6":{"name":"(anonymous_6)","decl":{"start":{"line":36,"column":11},"end":{"line":36,"column":19}},"loc":{"start":{"line":36,"column":57},"end":{"line":38,"column":null}},"line":36}},"branchMap":{"0":{"loc":{"start":{"line":8,"column":24},"end":{"line":8,"column":null}},"type":"cond-expr","locations":[{"start":{"line":8,"column":57},"end":{"line":8,"column":72}},{"start":{"line":8,"column":72},"end":{"line":8,"column":null}}],"line":8},"1":{"loc":{"start":{"line":19,"column":20},"end":{"line":19,"column":55}},"type":"cond-expr","locations":[{"start":{"line":19,"column":27},"end":{"line":19,"column":46}},{"start":{"line":19,"column":46},"end":{"line":19,"column":55}}],"line":19},"2":{"loc":{"start":{"line":30,"column":12},"end":{"line":32,"column":null}},"type":"if","locations":[{"start":{"line":30,"column":12},"end":{"line":32,"column":null}},{"start":{},"end":{}}],"line":30},"3":{"loc":{"start":{"line":30,"column":16},"end":{"line":30,"column":73}},"type":"binary-expr","locations":[{"start":{"line":30,"column":16},"end":{"line":30,"column":24}},{"start":{"line":30,"column":24},"end":{"line":30,"column":42}},{"start":{"line":30,"column":42},"end":{"line":30,"column":73}}],"line":30}},"s":{"0":0,"1":0,"2":0,"3":0,"4":0,"5":0,"6":0,"7":0,"8":0,"9":0,"10":0,"11":0},"f":{"0":0,"1":0,"2":0,"3":0,"4":0,"5":0,"6":0},"b":{"0":[0,0],"1":[0,0],"2":[0,0],"3":[0,0,0]},"meta":{"lastBranch":4,"lastFunction":7,"lastStatement":12,"seen":{"f:7:4:7:16":0,"s:8:8:8:Infinity":0,"b:8:57:8:72:8:72:8:Infinity":0,"f:11:11:11:25":1,"s:12:8:12:Infinity":1,"f:15:17:15:25":2,"s:16:8:20:Infinity":2,"f:16:27:16:28":3,"s:17:25:17:Infinity":3,"s:19:12:19:Infinity":4,"b:19:27:19:46:19:46:19:55":1,"f:23:11:23:22":4,"s:24:8:24:Infinity":5,"f:27:11:27:23":5,"s:28:8:33:Infinity":6,"s:28:21:28:24":7,"s:29:24:29:Infinity":8,"b:30:12:32:Infinity:undefined:undefined:undefined:undefined":2,"s:30:12:32:Infinity":9,"b:30:16:30:24:30:24:30:42:30:42:30:73":3,"s:31:16:31:Infinity":10,"f:36:11:36:19":6,"s:37:8:37:Infinity":11}}}
,"C:\\Users\\alexb\\Documents\\vscode\\perso\\extends-persist-pinia-store\\persist-pinia-state\\src\\stores\\test.ts": {"path":"C:\\Users\\alexb\\Documents\\vscode\\perso\\extends-persist-pinia-store\\persist-pinia-state\\src\\stores\\test.ts","statementMap":{"0":{"start":{"line":4,"column":13},"end":{"line":16,"column":null}},"1":{"start":{"line":5,"column":10},"end":{"line":5,"column":null}},"2":{"start":{"line":6,"column":10},"end":{"line":6,"column":null}},"3":{"start":{"line":8,"column":4},"end":{"line":11,"column":null}}},"fnMap":{"0":{"name":"(anonymous_0)","decl":{"start":{"line":4,"column":53},"end":{"line":4,"column":59}},"loc":{"start":{"line":4,"column":59},"end":{"line":12,"column":3}},"line":4}},"branchMap":{},"s":{"0":1,"1":4,"2":4,"3":4},"f":{"0":4},"b":{},"meta":{"lastBranch":0,"lastFunction":1,"lastStatement":4,"seen":{"s:4:13:16:Infinity":0,"f:4:53:4:59":0,"s:5:10:5:Infinity":1,"s:6:10:6:Infinity":2,"s:8:4:11:Infinity":3}}}
,"C:\\Users\\alexb\\Documents\\vscode\\perso\\extends-persist-pinia-store\\persist-pinia-state\\src\\testing\\mocks\\epps.ts": {"path":"C:\\Users\\alexb\\Documents\\vscode\\perso\\extends-persist-pinia-store\\persist-pinia-state\\src\\testing\\mocks\\epps.ts","statementMap":{"0":{"start":{"line":8,"column":4},"end":{"line":10,"column":null}},"1":{"start":{"line":9,"column":8},"end":{"line":9,"column":null}},"2":{"start":{"line":13,"column":4},"end":{"line":17,"column":null}},"3":{"start":{"line":20,"column":4},"end":{"line":20,"column":null}}},"fnMap":{"0":{"name":"createPluginMock","decl":{"start":{"line":5,"column":16},"end":{"line":5,"column":33}},"loc":{"start":{"line":5,"column":68},"end":{"line":21,"column":null}},"line":5}},"branchMap":{"0":{"loc":{"start":{"line":8,"column":4},"end":{"line":10,"column":null}},"type":"if","locations":[{"start":{"line":8,"column":4},"end":{"line":10,"column":null}},{"start":{},"end":{}}],"line":8}},"s":{"0":4,"1":4,"2":4,"3":4},"f":{"0":4},"b":{"0":[4,0]},"meta":{"lastBranch":1,"lastFunction":1,"lastStatement":4,"seen":{"f:5:16:5:33":0,"b:8:4:10:Infinity:undefined:undefined:undefined:undefined":0,"s:8:4:10:Infinity":0,"s:9:8:9:Infinity":1,"s:13:4:17:Infinity":2,"s:20:4:20:Infinity":3}}}
,"C:\\Users\\alexb\\Documents\\vscode\\perso\\extends-persist-pinia-store\\persist-pinia-state\\src\\testing\\mocks\\indexedDb.ts": {"path":"C:\\Users\\alexb\\Documents\\vscode\\perso\\extends-persist-pinia-store\\persist-pinia-state\\src\\testing\\mocks\\indexedDb.ts","statementMap":{"0":{"start":{"line":4,"column":39},"end":{"line":4,"column":null}},"1":{"start":{"line":7,"column":8},"end":{"line":7,"column":null}},"2":{"start":{"line":11,"column":8},"end":{"line":13,"column":null}},"3":{"start":{"line":12,"column":12},"end":{"line":12,"column":null}},"4":{"start":{"line":15,"column":8},"end":{"line":15,"column":null}},"5":{"start":{"line":19,"column":8},"end":{"line":19,"column":null}},"6":{"start":{"line":23,"column":8},"end":{"line":23,"column":null}},"7":{"start":{"line":27,"column":8},"end":{"line":35,"column":null}},"8":{"start":{"line":28,"column":12},"end":{"line":32,"column":null}},"9":{"start":{"line":29,"column":16},"end":{"line":31,"column":null}},"10":{"start":{"line":30,"column":20},"end":{"line":30,"column":null}},"11":{"start":{"line":34,"column":12},"end":{"line":34,"column":null}},"12":{"start":{"line":39,"column":8},"end":{"line":39,"column":null}}},"fnMap":{"0":{"name":"(anonymous_0)","decl":{"start":{"line":6,"column":11},"end":{"line":6,"column":25}},"loc":{"start":{"line":6,"column":25},"end":{"line":8,"column":null}},"line":6},"1":{"name":"(anonymous_1)","decl":{"start":{"line":10,"column":12},"end":{"line":10,"column":24}},"loc":{"start":{"line":10,"column":54},"end":{"line":16,"column":null}},"line":10},"2":{"name":"(anonymous_2)","decl":{"start":{"line":18,"column":17},"end":{"line":18,"column":25}},"loc":{"start":{"line":18,"column":81},"end":{"line":20,"column":null}},"line":18},"3":{"name":"(anonymous_3)","decl":{"start":{"line":22,"column":11},"end":{"line":22,"column":22}},"loc":{"start":{"line":22,"column":50},"end":{"line":24,"column":null}},"line":22},"4":{"name":"(anonymous_4)","decl":{"start":{"line":26,"column":11},"end":{"line":26,"column":23}},"loc":{"start":{"line":26,"column":52},"end":{"line":36,"column":null}},"line":26},"5":{"name":"(anonymous_5)","decl":{"start":{"line":38,"column":11},"end":{"line":38,"column":19}},"loc":{"start":{"line":38,"column":51},"end":{"line":40,"column":null}},"line":38}},"branchMap":{"0":{"loc":{"start":{"line":11,"column":8},"end":{"line":13,"column":null}},"type":"if","locations":[{"start":{"line":11,"column":8},"end":{"line":13,"column":null}},{"start":{},"end":{}}],"line":11},"1":{"loc":{"start":{"line":27,"column":8},"end":{"line":35,"column":null}},"type":"if","locations":[{"start":{"line":27,"column":8},"end":{"line":35,"column":null}},{"start":{"line":33,"column":15},"end":{"line":35,"column":null}}],"line":27},"2":{"loc":{"start":{"line":29,"column":16},"end":{"line":31,"column":null}},"type":"if","locations":[{"start":{"line":29,"column":16},"end":{"line":31,"column":null}},{"start":{},"end":{}}],"line":29}},"s":{"0":2,"1":1,"2":22,"3":2,"4":20,"5":18,"6":4,"7":2,"8":1,"9":3,"10":1,"11":1,"12":10},"f":{"0":1,"1":22,"2":18,"3":4,"4":2,"5":10},"b":{"0":[2,20],"1":[1,1],"2":[1,2]},"meta":{"lastBranch":3,"lastFunction":6,"lastStatement":13,"seen":{"s:4:39:4:Infinity":0,"f:6:11:6:25":0,"s:7:8:7:Infinity":1,"f:10:12:10:24":1,"b:11:8:13:Infinity:undefined:undefined:undefined:undefined":0,"s:11:8:13:Infinity":2,"s:12:12:12:Infinity":3,"s:15:8:15:Infinity":4,"f:18:17:18:25":2,"s:19:8:19:Infinity":5,"f:22:11:22:22":3,"s:23:8:23:Infinity":6,"f:26:11:26:23":4,"b:27:8:35:Infinity:33:15:35:Infinity":1,"s:27:8:35:Infinity":7,"s:28:12:32:Infinity":8,"b:29:16:31:Infinity:undefined:undefined:undefined:undefined":2,"s:29:16:31:Infinity":9,"s:30:20:30:Infinity":10,"s:34:12:34:Infinity":11,"f:38:11:38:19":5,"s:39:8:39:Infinity":12}}}
,"C:\\Users\\alexb\\Documents\\vscode\\perso\\extends-persist-pinia-store\\persist-pinia-state\\src\\testing\\mocks\\localStorage.ts": {"path":"C:\\Users\\alexb\\Documents\\vscode\\perso\\extends-persist-pinia-store\\persist-pinia-state\\src\\testing\\mocks\\localStorage.ts","statementMap":{"0":{"start":{"line":5,"column":23},"end":{"line":5,"column":null}},"1":{"start":{"line":7,"column":47},"end":{"line":19,"column":null}},"2":{"start":{"line":8,"column":17},"end":{"line":8,"column":null}},"3":{"start":{"line":10,"column":8},"end":{"line":12,"column":null}},"4":{"start":{"line":11,"column":12},"end":{"line":11,"column":null}},"5":{"start":{"line":14,"column":33},"end":{"line":14,"column":null}},"6":{"start":{"line":15,"column":44},"end":{"line":15,"column":null}},"7":{"start":{"line":15,"column":91},"end":{"line":15,"column":108}},"8":{"start":{"line":17,"column":8},"end":{"line":17,"column":null}}},"fnMap":{"0":{"name":"(anonymous_0)","decl":{"start":{"line":8,"column":11},"end":{"line":8,"column":17}},"loc":{"start":{"line":8,"column":17},"end":{"line":8,"column":null}},"line":8},"1":{"name":"(anonymous_1)","decl":{"start":{"line":9,"column":13},"end":{"line":9,"column":20}},"loc":{"start":{"line":9,"column":36},"end":{"line":13,"column":null}},"line":9},"2":{"name":"(anonymous_2)","decl":{"start":{"line":10,"column":27},"end":{"line":10,"column":28}},"loc":{"start":{"line":10,"column":40},"end":{"line":12,"column":9}},"line":10},"3":{"name":"(anonymous_3)","decl":{"start":{"line":14,"column":16},"end":{"line":14,"column":17}},"loc":{"start":{"line":14,"column":33},"end":{"line":14,"column":null}},"line":14},"4":{"name":"(anonymous_4)","decl":{"start":{"line":15,"column":17},"end":{"line":15,"column":18}},"loc":{"start":{"line":15,"column":44},"end":{"line":15,"column":null}},"line":15},"5":{"name":"(anonymous_5)","decl":{"start":{"line":15,"column":82},"end":{"line":15,"column":83}},"loc":{"start":{"line":15,"column":91},"end":{"line":15,"column":108}},"line":15},"6":{"name":"(anonymous_6)","decl":{"start":{"line":16,"column":13},"end":{"line":16,"column":14}},"loc":{"start":{"line":16,"column":45},"end":{"line":18,"column":null}},"line":16}},"branchMap":{"0":{"loc":{"start":{"line":15,"column":44},"end":{"line":15,"column":null}},"type":"cond-expr","locations":[{"start":{"line":15,"column":60},"end":{"line":15,"column":113}},{"start":{"line":15,"column":113},"end":{"line":15,"column":null}}],"line":15}},"s":{"0":2,"1":2,"2":0,"3":15,"4":15,"5":5,"6":0,"7":0,"8":6},"f":{"0":0,"1":15,"2":15,"3":5,"4":0,"5":0,"6":6},"b":{"0":[0,0]},"meta":{"lastBranch":1,"lastFunction":7,"lastStatement":9,"seen":{"s:5:23:5:Infinity":0,"s:7:47:19:Infinity":1,"f:8:11:8:17":0,"s:8:17:8:Infinity":2,"f:9:13:9:20":1,"s:10:8:12:Infinity":3,"f:10:27:10:28":2,"s:11:12:11:Infinity":4,"f:14:16:14:17":3,"s:14:33:14:Infinity":5,"f:15:17:15:18":4,"s:15:44:15:Infinity":6,"b:15:60:15:113:15:113:15:Infinity":0,"f:15:82:15:83":5,"s:15:91:15:108":7,"f:16:13:16:14":6,"s:17:8:17:Infinity":8}}}
,"C:\\Users\\alexb\\Documents\\vscode\\perso\\extends-persist-pinia-store\\persist-pinia-state\\src\\testing\\mocks\\persister.ts": {"path":"C:\\Users\\alexb\\Documents\\vscode\\perso\\extends-persist-pinia-store\\persist-pinia-state\\src\\testing\\mocks\\persister.ts","statementMap":{"0":{"start":{"line":8,"column":8},"end":{"line":10,"column":null}}},"fnMap":{"0":{"name":"(anonymous_0)","decl":{"start":{"line":7,"column":13},"end":{"line":7,"column":39}},"loc":{"start":{"line":7,"column":39},"end":{"line":11,"column":null}},"line":7}},"branchMap":{"0":{"loc":{"start":{"line":8,"column":16},"end":{"line":10,"column":null}},"type":"cond-expr","locations":[{"start":{"line":9,"column":14},"end":{"line":9,"column":null}},{"start":{"line":10,"column":14},"end":{"line":10,"column":null}}],"line":8},"1":{"loc":{"start":{"line":8,"column":16},"end":{"line":8,"column":null}},"type":"binary-expr","locations":[{"start":{"line":8,"column":16},"end":{"line":8,"column":50}},{"start":{"line":8,"column":50},"end":{"line":8,"column":null}}],"line":8}},"s":{"0":10},"f":{"0":10},"b":{"0":[9,1],"1":[10,1]},"meta":{"lastBranch":2,"lastFunction":1,"lastStatement":1,"seen":{"f:7:13:7:39":0,"s:8:8:10:Infinity":0,"b:9:14:9:Infinity:10:14:10:Infinity":0,"b:8:16:8:50:8:50:8:Infinity":1}}}
,"C:\\Users\\alexb\\Documents\\vscode\\perso\\extends-persist-pinia-store\\persist-pinia-state\\src\\tests\\utils\\beforeEach.ts": {"path":"C:\\Users\\alexb\\Documents\\vscode\\perso\\extends-persist-pinia-store\\persist-pinia-state\\src\\tests\\utils\\beforeEach.ts","statementMap":{"0":{"start":{"line":9,"column":4},"end":{"line":9,"column":null}},"1":{"start":{"line":13,"column":10},"end":{"line":13,"column":null}},"2":{"start":{"line":15,"column":10},"end":{"line":19,"column":null}},"3":{"start":{"line":21,"column":4},"end":{"line":21,"column":null}},"4":{"start":{"line":22,"column":4},"end":{"line":22,"column":null}}},"fnMap":{"0":{"name":"beforeEachPiniaPlugin","decl":{"start":{"line":8,"column":16},"end":{"line":8,"column":40}},"loc":{"start":{"line":8,"column":40},"end":{"line":10,"column":null}},"line":8},"1":{"name":"createAppAndPinia","decl":{"start":{"line":12,"column":16},"end":{"line":12,"column":36}},"loc":{"start":{"line":12,"column":36},"end":{"line":23,"column":null}},"line":12}},"branchMap":{},"s":{"0":1,"1":4,"2":4,"3":4,"4":4},"f":{"0":1,"1":4},"b":{},"meta":{"lastBranch":0,"lastFunction":2,"lastStatement":5,"seen":{"f:8:16:8:40":0,"s:9:4:9:Infinity":0,"f:12:16:12:36":1,"s:13:10:13:Infinity":1,"s:15:10:19:Infinity":2,"s:21:4:21:Infinity":3,"s:22:4:22:Infinity":4}}}
,"C:\\Users\\alexb\\Documents\\vscode\\perso\\extends-persist-pinia-store\\persist-pinia-state\\src\\utils\\constantes.ts": {"path":"C:\\Users\\alexb\\Documents\\vscode\\perso\\extends-persist-pinia-store\\persist-pinia-state\\src\\utils\\constantes.ts","statementMap":{"0":{"start":{"line":1,"column":26},"end":{"line":1,"column":null}}},"fnMap":{},"branchMap":{},"s":{"0":2},"f":{},"b":{},"meta":{"lastBranch":0,"lastFunction":0,"lastStatement":1,"seen":{"s:1:26:1:Infinity":0}}}
,"C:\\Users\\alexb\\Documents\\vscode\\perso\\extends-persist-pinia-store\\persist-pinia-state\\src\\utils\\pluginConsole.ts": {"path":"C:\\Users\\alexb\\Documents\\vscode\\perso\\extends-persist-pinia-store\\persist-pinia-state\\src\\utils\\pluginConsole.ts","statementMap":{"0":{"start":{"line":6,"column":28},"end":{"line":6,"column":null}},"1":{"start":{"line":9,"column":29},"end":{"line":9,"column":null}}},"fnMap":{},"branchMap":{},"s":{"0":2,"1":2},"f":{},"b":{},"meta":{"lastBranch":0,"lastFunction":0,"lastStatement":2,"seen":{"s:6:28:6:Infinity":0,"s:9:29:9:Infinity":1}}}
}
